{"level":"info","message":"App is listening on url http://localhost:3000","timestamp":"2021-10-12T17:45:14.967Z"}
{"message":"Could not connect to any servers in your MongoDB Atlas cluster. One common reason is that you're trying to access the database from an IP that isn't whitelisted. Make sure your current IP address is on your Atlas cluster's IP whitelist: https://docs.atlas.mongodb.com/security-whitelist/","stack":"MongooseServerSelectionError: Could not connect to any servers in your MongoDB Atlas cluster. One common reason is that you're trying to access the database from an IP that isn't whitelisted. Make sure your current IP address is on your Atlas cluster's IP whitelist: https://docs.atlas.mongodb.com/security-whitelist/\n    at NativeConnection.Connection.openUri (/Users/oyku/Desktop/project-X/node_modules/mongoose/lib/connection.js:796:32)\n    at /Users/oyku/Desktop/project-X/node_modules/mongoose/lib/index.js:328:10\n    at /Users/oyku/Desktop/project-X/node_modules/mongoose/lib/helpers/promiseOrCallback.js:32:5\n    at new Promise (<anonymous>)\n    at promiseOrCallback (/Users/oyku/Desktop/project-X/node_modules/mongoose/lib/helpers/promiseOrCallback.js:31:10)\n    at Mongoose._promiseOrCallback (/Users/oyku/Desktop/project-X/node_modules/mongoose/lib/index.js:1149:10)\n    at Mongoose.connect (/Users/oyku/Desktop/project-X/node_modules/mongoose/lib/index.js:327:20)\n    at module.exports (/Users/oyku/Desktop/project-X/startup/db.js:5:14)\n    at Object.<anonymous> (/Users/oyku/Desktop/project-X/index.js:21:24)\n    at Module._compile (internal/modules/cjs/loader.js:1063:30)","reason":{"type":"ReplicaSetNoPrimary","servers":{},"stale":false,"compatible":true,"heartbeatFrequencyMS":10000,"localThresholdMS":15,"setName":"atlas-55fxyz-shard-0"},"level":"error","timestamp":"2021-10-12T17:45:45.021Z"}
{"level":"info","message":"App is listening on url http://localhost:3000","timestamp":"2021-10-12T17:46:11.995Z"}
{"level":"info","message":"MongoDb connected successfuly...","timestamp":"2021-10-12T17:46:12.019Z"}
{"level":"info","message":"App is listening on url http://localhost:3000","timestamp":"2021-10-12T17:58:34.316Z"}
{"level":"info","message":"MongoDb connected successfuly...","timestamp":"2021-10-12T17:58:34.342Z"}
{"level":"info","message":"App is listening on url http://localhost:3000","timestamp":"2021-10-12T17:58:42.056Z"}
{"level":"info","message":"MongoDb connected successfuly...","timestamp":"2021-10-12T17:58:42.088Z"}
{"level":"info","message":"App is listening on url http://localhost:3000","timestamp":"2021-10-12T17:59:14.787Z"}
{"level":"info","message":"MongoDb connected successfuly...","timestamp":"2021-10-12T17:59:14.813Z"}
{"level":"info","message":"App is listening on url http://localhost:3000","timestamp":"2021-10-12T18:00:54.754Z"}
{"level":"info","message":"MongoDb connected successfuly...","timestamp":"2021-10-12T18:00:54.784Z"}
{"level":"info","message":"App is listening on url http://localhost:3000","timestamp":"2021-10-12T18:02:26.350Z"}
{"level":"info","message":"MongoDb connected successfuly...","timestamp":"2021-10-12T18:02:26.373Z"}
{"level":"info","message":"App is listening on url http://localhost:3000","timestamp":"2021-10-12T18:03:59.240Z"}
{"level":"info","message":"MongoDb connected successfuly...","timestamp":"2021-10-12T18:03:59.263Z"}
{"level":"info","message":"App is listening on url http://localhost:3000","timestamp":"2021-10-12T18:04:03.132Z"}
{"level":"info","message":"MongoDb connected successfuly...","timestamp":"2021-10-12T18:04:03.153Z"}
{"message":"addMqttData is not a function","stack":"TypeError: addMqttData is not a function\n    at MqttClient.<anonymous> (/Users/oyku/Desktop/project-X/startup/mqtt.js:16:5)\n    at MqttClient.emit (events.js:315:20)\n    at MqttClient._handlePublish (/Users/oyku/Desktop/project-X/node_modules/mqtt/lib/client.js:1277:12)\n    at MqttClient._handlePacket (/Users/oyku/Desktop/project-X/node_modules/mqtt/lib/client.js:410:12)\n    at work (/Users/oyku/Desktop/project-X/node_modules/mqtt/lib/client.js:321:12)\n    at Writable.writable._write (/Users/oyku/Desktop/project-X/node_modules/mqtt/lib/client.js:335:5)\n    at doWrite (/Users/oyku/Desktop/project-X/node_modules/readable-stream/lib/_stream_writable.js:409:139)\n    at writeOrBuffer (/Users/oyku/Desktop/project-X/node_modules/readable-stream/lib/_stream_writable.js:398:5)\n    at Writable.write (/Users/oyku/Desktop/project-X/node_modules/readable-stream/lib/_stream_writable.js:307:11)\n    at Socket.ondata (internal/streams/readable.js:719:22)","level":"error","timestamp":"2021-10-12T18:04:56.657Z"}
{"level":"info","message":"App is listening on url http://localhost:3000","timestamp":"2021-10-12T18:05:15.850Z"}
{"level":"info","message":"MongoDb connected successfuly...","timestamp":"2021-10-12T18:05:15.872Z"}
{"message":"addMqttData is not a function","stack":"TypeError: addMqttData is not a function\n    at MqttClient.<anonymous> (/Users/oyku/Desktop/project-X/startup/mqtt.js:16:5)\n    at MqttClient.emit (events.js:315:20)\n    at MqttClient._handlePublish (/Users/oyku/Desktop/project-X/node_modules/mqtt/lib/client.js:1277:12)\n    at MqttClient._handlePacket (/Users/oyku/Desktop/project-X/node_modules/mqtt/lib/client.js:410:12)\n    at work (/Users/oyku/Desktop/project-X/node_modules/mqtt/lib/client.js:321:12)\n    at Writable.writable._write (/Users/oyku/Desktop/project-X/node_modules/mqtt/lib/client.js:335:5)\n    at doWrite (/Users/oyku/Desktop/project-X/node_modules/readable-stream/lib/_stream_writable.js:409:139)\n    at writeOrBuffer (/Users/oyku/Desktop/project-X/node_modules/readable-stream/lib/_stream_writable.js:398:5)\n    at Writable.write (/Users/oyku/Desktop/project-X/node_modules/readable-stream/lib/_stream_writable.js:307:11)\n    at Socket.ondata (internal/streams/readable.js:719:22)","level":"error","timestamp":"2021-10-12T18:05:16.700Z"}
{"level":"info","message":"App is listening on url http://localhost:3000","timestamp":"2021-10-12T18:05:56.400Z"}
{"level":"info","message":"MongoDb connected successfuly...","timestamp":"2021-10-12T18:05:56.422Z"}
{"message":"addMqttData is not a function","stack":"TypeError: addMqttData is not a function\n    at MqttClient.<anonymous> (/Users/oyku/Desktop/project-X/startup/mqtt.js:16:5)\n    at MqttClient.emit (events.js:315:20)\n    at MqttClient._handlePublish (/Users/oyku/Desktop/project-X/node_modules/mqtt/lib/client.js:1277:12)\n    at MqttClient._handlePacket (/Users/oyku/Desktop/project-X/node_modules/mqtt/lib/client.js:410:12)\n    at work (/Users/oyku/Desktop/project-X/node_modules/mqtt/lib/client.js:321:12)\n    at Writable.writable._write (/Users/oyku/Desktop/project-X/node_modules/mqtt/lib/client.js:335:5)\n    at doWrite (/Users/oyku/Desktop/project-X/node_modules/readable-stream/lib/_stream_writable.js:409:139)\n    at writeOrBuffer (/Users/oyku/Desktop/project-X/node_modules/readable-stream/lib/_stream_writable.js:398:5)\n    at Writable.write (/Users/oyku/Desktop/project-X/node_modules/readable-stream/lib/_stream_writable.js:307:11)\n    at Socket.ondata (internal/streams/readable.js:719:22)","level":"error","timestamp":"2021-10-12T18:05:56.794Z"}
{"level":"info","message":"App is listening on url http://localhost:3000","timestamp":"2021-10-12T18:06:00.693Z"}
{"level":"info","message":"MongoDb connected successfuly...","timestamp":"2021-10-12T18:06:00.717Z"}
{"message":"addMqttData is not a function","stack":"TypeError: addMqttData is not a function\n    at MqttClient.<anonymous> (/Users/oyku/Desktop/project-X/startup/mqtt.js:16:5)\n    at MqttClient.emit (events.js:315:20)\n    at MqttClient._handlePublish (/Users/oyku/Desktop/project-X/node_modules/mqtt/lib/client.js:1277:12)\n    at MqttClient._handlePacket (/Users/oyku/Desktop/project-X/node_modules/mqtt/lib/client.js:410:12)\n    at work (/Users/oyku/Desktop/project-X/node_modules/mqtt/lib/client.js:321:12)\n    at Writable.writable._write (/Users/oyku/Desktop/project-X/node_modules/mqtt/lib/client.js:335:5)\n    at doWrite (/Users/oyku/Desktop/project-X/node_modules/readable-stream/lib/_stream_writable.js:409:139)\n    at writeOrBuffer (/Users/oyku/Desktop/project-X/node_modules/readable-stream/lib/_stream_writable.js:398:5)\n    at Writable.write (/Users/oyku/Desktop/project-X/node_modules/readable-stream/lib/_stream_writable.js:307:11)\n    at Socket.ondata (internal/streams/readable.js:719:22)","level":"error","timestamp":"2021-10-12T18:06:01.801Z"}
{"level":"info","message":"App is listening on url http://localhost:3000","timestamp":"2021-10-12T18:10:07.964Z"}
{"level":"info","message":"MongoDb connected successfuly...","timestamp":"2021-10-12T18:10:07.986Z"}
{"message":"addMqttData is not a function","stack":"TypeError: addMqttData is not a function\n    at MqttClient.<anonymous> (/Users/oyku/Desktop/project-X/startup/mqtt.js:16:5)\n    at MqttClient.emit (events.js:315:20)\n    at MqttClient._handlePublish (/Users/oyku/Desktop/project-X/node_modules/mqtt/lib/client.js:1277:12)\n    at MqttClient._handlePacket (/Users/oyku/Desktop/project-X/node_modules/mqtt/lib/client.js:410:12)\n    at work (/Users/oyku/Desktop/project-X/node_modules/mqtt/lib/client.js:321:12)\n    at Writable.writable._write (/Users/oyku/Desktop/project-X/node_modules/mqtt/lib/client.js:335:5)\n    at doWrite (/Users/oyku/Desktop/project-X/node_modules/readable-stream/lib/_stream_writable.js:409:139)\n    at writeOrBuffer (/Users/oyku/Desktop/project-X/node_modules/readable-stream/lib/_stream_writable.js:398:5)\n    at Writable.write (/Users/oyku/Desktop/project-X/node_modules/readable-stream/lib/_stream_writable.js:307:11)\n    at Socket.ondata (internal/streams/readable.js:719:22)","level":"error","timestamp":"2021-10-12T18:10:12.483Z"}
{"level":"info","message":"App is listening on url http://localhost:3000","timestamp":"2021-10-12T18:10:52.135Z"}
{"level":"info","message":"MongoDb connected successfuly...","timestamp":"2021-10-12T18:10:52.158Z"}
{"message":"addMqttData is not a function","stack":"TypeError: addMqttData is not a function\n    at MqttClient.<anonymous> (/Users/oyku/Desktop/project-X/startup/mqtt.js:16:5)\n    at MqttClient.emit (events.js:315:20)\n    at MqttClient._handlePublish (/Users/oyku/Desktop/project-X/node_modules/mqtt/lib/client.js:1277:12)\n    at MqttClient._handlePacket (/Users/oyku/Desktop/project-X/node_modules/mqtt/lib/client.js:410:12)\n    at work (/Users/oyku/Desktop/project-X/node_modules/mqtt/lib/client.js:321:12)\n    at Writable.writable._write (/Users/oyku/Desktop/project-X/node_modules/mqtt/lib/client.js:335:5)\n    at doWrite (/Users/oyku/Desktop/project-X/node_modules/readable-stream/lib/_stream_writable.js:409:139)\n    at writeOrBuffer (/Users/oyku/Desktop/project-X/node_modules/readable-stream/lib/_stream_writable.js:398:5)\n    at Writable.write (/Users/oyku/Desktop/project-X/node_modules/readable-stream/lib/_stream_writable.js:307:11)\n    at Socket.ondata (internal/streams/readable.js:719:22)","level":"error","timestamp":"2021-10-12T18:10:52.586Z"}
{"level":"info","message":"App is listening on url http://localhost:3000","timestamp":"2021-10-12T18:11:21.520Z"}
{"level":"info","message":"MongoDb connected successfuly...","timestamp":"2021-10-12T18:11:21.541Z"}
{"level":"info","message":"App is listening on url http://localhost:3000","timestamp":"2021-10-12T18:13:07.733Z"}
{"level":"info","message":"MongoDb connected successfuly...","timestamp":"2021-10-12T18:13:07.754Z"}
{"level":"info","message":"App is listening on url http://localhost:3000","timestamp":"2021-10-12T18:15:04.654Z"}
{"level":"info","message":"MongoDb connected successfuly...","timestamp":"2021-10-12T18:15:04.677Z"}
{"level":"info","message":"App is listening on url http://localhost:3000","timestamp":"2021-10-12T18:15:14.320Z"}
{"level":"info","message":"MongoDb connected successfuly...","timestamp":"2021-10-12T18:15:14.341Z"}
{"level":"info","message":"App is listening on url http://localhost:3000","timestamp":"2021-10-12T18:15:18.352Z"}
{"level":"info","message":"MongoDb connected successfuly...","timestamp":"2021-10-12T18:15:18.373Z"}
{"message":"addMqttData is not a function","stack":"TypeError: addMqttData is not a function\n    at MqttClient.<anonymous> (/Users/oyku/Desktop/project-X/startup/mqtt.js:15:11)\n    at MqttClient.emit (events.js:315:20)\n    at MqttClient._handlePublish (/Users/oyku/Desktop/project-X/node_modules/mqtt/lib/client.js:1277:12)\n    at MqttClient._handlePacket (/Users/oyku/Desktop/project-X/node_modules/mqtt/lib/client.js:410:12)\n    at work (/Users/oyku/Desktop/project-X/node_modules/mqtt/lib/client.js:321:12)\n    at Writable.writable._write (/Users/oyku/Desktop/project-X/node_modules/mqtt/lib/client.js:335:5)\n    at doWrite (/Users/oyku/Desktop/project-X/node_modules/readable-stream/lib/_stream_writable.js:409:139)\n    at writeOrBuffer (/Users/oyku/Desktop/project-X/node_modules/readable-stream/lib/_stream_writable.js:398:5)\n    at Writable.write (/Users/oyku/Desktop/project-X/node_modules/readable-stream/lib/_stream_writable.js:307:11)\n    at Socket.ondata (internal/streams/readable.js:719:22)","level":"error","timestamp":"2021-10-12T18:15:29.354Z"}
{"level":"info","message":"App is listening on url http://localhost:3000","timestamp":"2021-10-12T18:16:14.442Z"}
{"level":"info","message":"MongoDb connected successfuly...","timestamp":"2021-10-12T18:16:14.465Z"}
{"level":"info","message":"App is listening on url http://localhost:3000","timestamp":"2021-10-12T18:16:25.238Z"}
{"level":"info","message":"MongoDb connected successfuly...","timestamp":"2021-10-12T18:16:25.262Z"}
{"message":"addMqttData is not a function","stack":"TypeError: addMqttData is not a function\n    at MqttClient.<anonymous> (/Users/oyku/Desktop/project-X/startup/mqtt.js:15:11)\n    at MqttClient.emit (events.js:315:20)\n    at MqttClient._handlePublish (/Users/oyku/Desktop/project-X/node_modules/mqtt/lib/client.js:1277:12)\n    at MqttClient._handlePacket (/Users/oyku/Desktop/project-X/node_modules/mqtt/lib/client.js:410:12)\n    at work (/Users/oyku/Desktop/project-X/node_modules/mqtt/lib/client.js:321:12)\n    at Writable.writable._write (/Users/oyku/Desktop/project-X/node_modules/mqtt/lib/client.js:335:5)\n    at doWrite (/Users/oyku/Desktop/project-X/node_modules/readable-stream/lib/_stream_writable.js:409:139)\n    at writeOrBuffer (/Users/oyku/Desktop/project-X/node_modules/readable-stream/lib/_stream_writable.js:398:5)\n    at Writable.write (/Users/oyku/Desktop/project-X/node_modules/readable-stream/lib/_stream_writable.js:307:11)\n    at Socket.ondata (internal/streams/readable.js:719:22)","level":"error","timestamp":"2021-10-12T18:16:29.490Z"}
{"level":"info","message":"App is listening on url http://localhost:3000","timestamp":"2021-10-12T18:17:22.971Z"}
{"level":"info","message":"MongoDb connected successfuly...","timestamp":"2021-10-12T18:17:22.992Z"}
{"message":"addMqttData is not a function","stack":"TypeError: addMqttData is not a function\n    at MqttClient.<anonymous> (/Users/oyku/Desktop/project-X/startup/mqtt.js:15:11)\n    at MqttClient.emit (events.js:315:20)\n    at MqttClient._handlePublish (/Users/oyku/Desktop/project-X/node_modules/mqtt/lib/client.js:1277:12)\n    at MqttClient._handlePacket (/Users/oyku/Desktop/project-X/node_modules/mqtt/lib/client.js:410:12)\n    at work (/Users/oyku/Desktop/project-X/node_modules/mqtt/lib/client.js:321:12)\n    at Writable.writable._write (/Users/oyku/Desktop/project-X/node_modules/mqtt/lib/client.js:335:5)\n    at doWrite (/Users/oyku/Desktop/project-X/node_modules/readable-stream/lib/_stream_writable.js:409:139)\n    at writeOrBuffer (/Users/oyku/Desktop/project-X/node_modules/readable-stream/lib/_stream_writable.js:398:5)\n    at Writable.write (/Users/oyku/Desktop/project-X/node_modules/readable-stream/lib/_stream_writable.js:307:11)\n    at Socket.ondata (internal/streams/readable.js:719:22)","level":"error","timestamp":"2021-10-12T18:17:24.649Z"}
{"level":"info","message":"App is listening on url http://localhost:3000","timestamp":"2021-10-12T18:19:53.865Z"}
{"level":"info","message":"MongoDb connected successfuly...","timestamp":"2021-10-12T18:19:53.885Z"}
{"message":"addMqttData is not a function","stack":"TypeError: addMqttData is not a function\n    at MqttClient.<anonymous> (/Users/oyku/Desktop/project-X/startup/mqtt.js:15:11)\n    at MqttClient.emit (events.js:315:20)\n    at MqttClient._handlePublish (/Users/oyku/Desktop/project-X/node_modules/mqtt/lib/client.js:1277:12)\n    at MqttClient._handlePacket (/Users/oyku/Desktop/project-X/node_modules/mqtt/lib/client.js:410:12)\n    at work (/Users/oyku/Desktop/project-X/node_modules/mqtt/lib/client.js:321:12)\n    at Writable.writable._write (/Users/oyku/Desktop/project-X/node_modules/mqtt/lib/client.js:335:5)\n    at doWrite (/Users/oyku/Desktop/project-X/node_modules/readable-stream/lib/_stream_writable.js:409:139)\n    at writeOrBuffer (/Users/oyku/Desktop/project-X/node_modules/readable-stream/lib/_stream_writable.js:398:5)\n    at Writable.write (/Users/oyku/Desktop/project-X/node_modules/readable-stream/lib/_stream_writable.js:307:11)\n    at Socket.ondata (internal/streams/readable.js:719:22)","level":"error","timestamp":"2021-10-12T18:19:55.037Z"}
{"level":"info","message":"App is listening on url http://localhost:3000","timestamp":"2021-10-12T18:20:03.065Z"}
{"level":"info","message":"MongoDb connected successfuly...","timestamp":"2021-10-12T18:20:03.084Z"}
{"message":"addMqttData is not a function","stack":"TypeError: addMqttData is not a function\n    at MqttClient.<anonymous> (/Users/oyku/Desktop/project-X/startup/mqtt.js:15:11)\n    at MqttClient.emit (events.js:315:20)\n    at MqttClient._handlePublish (/Users/oyku/Desktop/project-X/node_modules/mqtt/lib/client.js:1277:12)\n    at MqttClient._handlePacket (/Users/oyku/Desktop/project-X/node_modules/mqtt/lib/client.js:410:12)\n    at work (/Users/oyku/Desktop/project-X/node_modules/mqtt/lib/client.js:321:12)\n    at Writable.writable._write (/Users/oyku/Desktop/project-X/node_modules/mqtt/lib/client.js:335:5)\n    at doWrite (/Users/oyku/Desktop/project-X/node_modules/readable-stream/lib/_stream_writable.js:409:139)\n    at writeOrBuffer (/Users/oyku/Desktop/project-X/node_modules/readable-stream/lib/_stream_writable.js:398:5)\n    at Writable.write (/Users/oyku/Desktop/project-X/node_modules/readable-stream/lib/_stream_writable.js:307:11)\n    at Socket.ondata (internal/streams/readable.js:719:22)","level":"error","timestamp":"2021-10-12T18:20:05.072Z"}
{"level":"info","message":"App is listening on url http://localhost:3000","timestamp":"2021-10-12T18:23:06.156Z"}
{"level":"info","message":"MongoDb connected successfuly...","timestamp":"2021-10-12T18:23:06.182Z"}
{"level":"info","message":"App is listening on url http://localhost:3000","timestamp":"2021-10-12T18:23:14.348Z"}
{"level":"info","message":"MongoDb connected successfuly...","timestamp":"2021-10-12T18:23:14.380Z"}
{"level":"info","message":"App is listening on url http://localhost:3000","timestamp":"2021-10-12T18:25:42.408Z"}
{"level":"info","message":"MongoDb connected successfuly...","timestamp":"2021-10-12T18:25:42.432Z"}
{"level":"info","message":"App is listening on url http://localhost:3000","timestamp":"2021-10-12T18:25:52.032Z"}
{"level":"info","message":"MongoDb connected successfuly...","timestamp":"2021-10-12T18:25:52.059Z"}
{"level":"info","message":"App is listening on url http://localhost:3000","timestamp":"2021-10-12T18:27:52.211Z"}
{"level":"info","message":"MongoDb connected successfuly...","timestamp":"2021-10-12T18:27:52.242Z"}
{"level":"info","message":"App is listening on url http://localhost:3000","timestamp":"2021-10-12T18:39:03.707Z"}
{"level":"info","message":"MongoDb connected successfuly...","timestamp":"2021-10-12T18:39:03.731Z"}
{"level":"info","message":"App is listening on url http://localhost:3000","timestamp":"2021-10-12T18:40:28.826Z"}
{"level":"info","message":"MongoDb connected successfuly...","timestamp":"2021-10-12T18:40:28.851Z"}
{"level":"info","message":"App is listening on url http://localhost:3000","timestamp":"2021-10-12T18:44:32.307Z"}
{"level":"info","message":"MongoDb connected successfuly...","timestamp":"2021-10-12T18:44:32.441Z"}
{"message":"Unexpected token o in JSON at position 1","stack":"SyntaxError: Unexpected token o in JSON at position 1\n    at JSON.parse (<anonymous>)\n    at WebSocket.<anonymous> (/Users/oyku/Desktop/project-X/startup/wsSocket.js:12:30)\n    at WebSocket.emit (events.js:315:20)\n    at Receiver.receiverOnMessage (/Users/oyku/Desktop/project-X/node_modules/ws/lib/websocket.js:1022:20)\n    at Receiver.emit (events.js:315:20)\n    at Receiver.dataMessage (/Users/oyku/Desktop/project-X/node_modules/ws/lib/receiver.js:522:14)\n    at Receiver.getData (/Users/oyku/Desktop/project-X/node_modules/ws/lib/receiver.js:440:17)\n    at Receiver.startLoop (/Users/oyku/Desktop/project-X/node_modules/ws/lib/receiver.js:148:22)\n    at Receiver._write (/Users/oyku/Desktop/project-X/node_modules/ws/lib/receiver.js:83:10)\n    at writeOrBuffer (internal/streams/writable.js:358:12)","level":"error","timestamp":"2021-10-12T18:44:44.600Z"}
{"level":"info","message":"App is listening on url http://localhost:3000","timestamp":"2021-10-12T18:44:59.319Z"}
{"level":"info","message":"MongoDb connected successfuly...","timestamp":"2021-10-12T18:44:59.346Z"}
{"level":"info","message":"App is listening on url http://localhost:3000","timestamp":"2021-10-12T18:46:01.993Z"}
{"level":"info","message":"MongoDb connected successfuly...","timestamp":"2021-10-12T18:46:02.046Z"}
{"message":"The \"string\" argument must be of type string or an instance of Buffer or ArrayBuffer. Received an instance of Object","stack":"TypeError [ERR_INVALID_ARG_TYPE]: The \"string\" argument must be of type string or an instance of Buffer or ArrayBuffer. Received an instance of Object\n    at Function.byteLength (buffer.js:728:11)\n    at publish (/Users/oyku/Desktop/project-X/node_modules/mqtt-packet/writeToStream.js:334:51)\n    at Object.generate [as writeToStream] (/Users/oyku/Desktop/project-X/node_modules/mqtt-packet/writeToStream.js:34:14)\n    at sendPacket (/Users/oyku/Desktop/project-X/node_modules/mqtt/lib/client.js:96:27)\n    at MqttClient._sendPacket (/Users/oyku/Desktop/project-X/node_modules/mqtt/lib/client.js:1069:7)\n    at MqttClient.publish (/Users/oyku/Desktop/project-X/node_modules/mqtt/lib/client.js:542:14)\n    at configureDevice (/Users/oyku/Desktop/project-X/startup/mqtt.js:25:16)\n    at WebSocket.<anonymous> (/Users/oyku/Desktop/project-X/startup/wsSocket.js:12:9)\n    at WebSocket.emit (events.js:315:20)\n    at Receiver.receiverOnMessage (/Users/oyku/Desktop/project-X/node_modules/ws/lib/websocket.js:1022:20)","code":"ERR_INVALID_ARG_TYPE","level":"error","timestamp":"2021-10-12T18:46:12.158Z"}
{"level":"info","message":"App is listening on url http://localhost:3000","timestamp":"2021-10-12T18:46:18.987Z"}
{"level":"info","message":"MongoDb connected successfuly...","timestamp":"2021-10-12T18:46:19.023Z"}
{"level":"info","message":"App is listening on url http://localhost:3000","timestamp":"2021-10-12T18:50:28.899Z"}
{"level":"info","message":"MongoDb connected successfuly...","timestamp":"2021-10-12T18:50:28.918Z"}
{"level":"info","message":"App is listening on url http://localhost:3000","timestamp":"2021-10-12T18:50:34.883Z"}
{"level":"info","message":"MongoDb connected successfuly...","timestamp":"2021-10-12T18:50:34.912Z"}
{"message":"broadcastMessage is not a function","stack":"TypeError: broadcastMessage is not a function\n    at MqttClient.<anonymous> (/Users/oyku/Desktop/project-X/startup/mqtt.js:17:5)\n    at processTicksAndRejections (internal/process/task_queues.js:93:5)","level":"error","timestamp":"2021-10-12T18:50:47.783Z"}
{"level":"info","message":"App is listening on url http://localhost:3000","timestamp":"2021-10-12T18:51:46.047Z"}
{"level":"info","message":"MongoDb connected successfuly...","timestamp":"2021-10-12T18:51:46.077Z"}
{"message":"broadcastMessage is not a function","stack":"TypeError: broadcastMessage is not a function\n    at MqttClient.<anonymous> (/Users/oyku/Desktop/project-X/startup/mqtt.js:17:5)\n    at processTicksAndRejections (internal/process/task_queues.js:93:5)","level":"error","timestamp":"2021-10-12T18:51:47.938Z"}
{"level":"info","message":"App is listening on url http://localhost:3000","timestamp":"2021-10-12T18:53:16.678Z"}
{"level":"info","message":"MongoDb connected successfuly...","timestamp":"2021-10-12T18:53:16.698Z"}
{"message":"addMqttData is not a function","stack":"TypeError: addMqttData is not a function\n    at MqttClient.<anonymous> (/Users/oyku/Desktop/project-X/startup/mqtt.js:16:11)\n    at MqttClient.emit (events.js:315:20)\n    at MqttClient._handlePublish (/Users/oyku/Desktop/project-X/node_modules/mqtt/lib/client.js:1277:12)\n    at MqttClient._handlePacket (/Users/oyku/Desktop/project-X/node_modules/mqtt/lib/client.js:410:12)\n    at work (/Users/oyku/Desktop/project-X/node_modules/mqtt/lib/client.js:321:12)\n    at Writable.writable._write (/Users/oyku/Desktop/project-X/node_modules/mqtt/lib/client.js:335:5)\n    at doWrite (/Users/oyku/Desktop/project-X/node_modules/readable-stream/lib/_stream_writable.js:409:139)\n    at writeOrBuffer (/Users/oyku/Desktop/project-X/node_modules/readable-stream/lib/_stream_writable.js:398:5)\n    at Writable.write (/Users/oyku/Desktop/project-X/node_modules/readable-stream/lib/_stream_writable.js:307:11)\n    at Socket.ondata (internal/streams/readable.js:719:22)","level":"error","timestamp":"2021-10-12T18:53:18.135Z"}
{"level":"info","message":"App is listening on url http://localhost:3000","timestamp":"2021-10-12T18:53:51.984Z"}
{"level":"info","message":"MongoDb connected successfuly...","timestamp":"2021-10-12T18:53:52.006Z"}
{"message":"addMqttData is not a function","stack":"TypeError: addMqttData is not a function\n    at MqttClient.<anonymous> (/Users/oyku/Desktop/project-X/startup/mqtt.js:16:11)\n    at MqttClient.emit (events.js:315:20)\n    at MqttClient._handlePublish (/Users/oyku/Desktop/project-X/node_modules/mqtt/lib/client.js:1277:12)\n    at MqttClient._handlePacket (/Users/oyku/Desktop/project-X/node_modules/mqtt/lib/client.js:410:12)\n    at work (/Users/oyku/Desktop/project-X/node_modules/mqtt/lib/client.js:321:12)\n    at Writable.writable._write (/Users/oyku/Desktop/project-X/node_modules/mqtt/lib/client.js:335:5)\n    at doWrite (/Users/oyku/Desktop/project-X/node_modules/readable-stream/lib/_stream_writable.js:409:139)\n    at writeOrBuffer (/Users/oyku/Desktop/project-X/node_modules/readable-stream/lib/_stream_writable.js:398:5)\n    at Writable.write (/Users/oyku/Desktop/project-X/node_modules/readable-stream/lib/_stream_writable.js:307:11)\n    at Socket.ondata (internal/streams/readable.js:719:22)","level":"error","timestamp":"2021-10-12T18:53:53.230Z"}
{"level":"info","message":"App is listening on url http://localhost:3000","timestamp":"2021-10-12T18:55:04.212Z"}
{"level":"info","message":"MongoDb connected successfuly...","timestamp":"2021-10-12T18:55:04.233Z"}
{"message":"addMqttData is not a function","stack":"TypeError: addMqttData is not a function\n    at MqttClient.<anonymous> (/Users/oyku/Desktop/project-X/startup/mqtt.js:16:11)\n    at MqttClient.emit (events.js:315:20)\n    at MqttClient._handlePublish (/Users/oyku/Desktop/project-X/node_modules/mqtt/lib/client.js:1277:12)\n    at MqttClient._handlePacket (/Users/oyku/Desktop/project-X/node_modules/mqtt/lib/client.js:410:12)\n    at work (/Users/oyku/Desktop/project-X/node_modules/mqtt/lib/client.js:321:12)\n    at Writable.writable._write (/Users/oyku/Desktop/project-X/node_modules/mqtt/lib/client.js:335:5)\n    at doWrite (/Users/oyku/Desktop/project-X/node_modules/readable-stream/lib/_stream_writable.js:409:139)\n    at writeOrBuffer (/Users/oyku/Desktop/project-X/node_modules/readable-stream/lib/_stream_writable.js:398:5)\n    at Writable.write (/Users/oyku/Desktop/project-X/node_modules/readable-stream/lib/_stream_writable.js:307:11)\n    at Socket.ondata (internal/streams/readable.js:719:22)","level":"error","timestamp":"2021-10-12T18:55:08.429Z"}
{"level":"info","message":"App is listening on url http://localhost:3000","timestamp":"2021-10-12T18:56:01.014Z"}
{"level":"info","message":"MongoDb connected successfuly...","timestamp":"2021-10-12T18:56:01.038Z"}
{"message":"addMqttData is not a function","stack":"TypeError: addMqttData is not a function\n    at MqttClient.<anonymous> (/Users/oyku/Desktop/project-X/startup/mqtt.js:16:11)\n    at MqttClient.emit (events.js:315:20)\n    at MqttClient._handlePublish (/Users/oyku/Desktop/project-X/node_modules/mqtt/lib/client.js:1277:12)\n    at MqttClient._handlePacket (/Users/oyku/Desktop/project-X/node_modules/mqtt/lib/client.js:410:12)\n    at work (/Users/oyku/Desktop/project-X/node_modules/mqtt/lib/client.js:321:12)\n    at Writable.writable._write (/Users/oyku/Desktop/project-X/node_modules/mqtt/lib/client.js:335:5)\n    at doWrite (/Users/oyku/Desktop/project-X/node_modules/readable-stream/lib/_stream_writable.js:409:139)\n    at writeOrBuffer (/Users/oyku/Desktop/project-X/node_modules/readable-stream/lib/_stream_writable.js:398:5)\n    at Writable.write (/Users/oyku/Desktop/project-X/node_modules/readable-stream/lib/_stream_writable.js:307:11)\n    at Socket.ondata (internal/streams/readable.js:719:22)","level":"error","timestamp":"2021-10-12T18:56:03.681Z"}
{"level":"info","message":"App is listening on url http://localhost:3000","timestamp":"2021-10-12T18:56:32.125Z"}
{"level":"info","message":"MongoDb connected successfuly...","timestamp":"2021-10-12T18:56:32.153Z"}
{"level":"info","message":"App is listening on url http://localhost:3000","timestamp":"2021-10-12T18:56:49.211Z"}
{"level":"info","message":"MongoDb connected successfuly...","timestamp":"2021-10-12T18:56:49.240Z"}
{"level":"info","message":"App is listening on url http://localhost:3000","timestamp":"2021-10-12T18:59:16.384Z"}
{"level":"info","message":"MongoDb connected successfuly...","timestamp":"2021-10-12T18:59:16.412Z"}
{"level":"info","message":"App is listening on url http://localhost:3000","timestamp":"2021-10-12T18:59:18.027Z"}
{"level":"info","message":"MongoDb connected successfuly...","timestamp":"2021-10-12T18:59:18.047Z"}
{"message":"addMqttData is not a function","stack":"TypeError: addMqttData is not a function\n    at MqttClient.<anonymous> (/Users/oyku/Desktop/project-X/startup/mqtt.js:16:11)\n    at MqttClient.emit (events.js:315:20)\n    at MqttClient._handlePublish (/Users/oyku/Desktop/project-X/node_modules/mqtt/lib/client.js:1277:12)\n    at MqttClient._handlePacket (/Users/oyku/Desktop/project-X/node_modules/mqtt/lib/client.js:410:12)\n    at work (/Users/oyku/Desktop/project-X/node_modules/mqtt/lib/client.js:321:12)\n    at Writable.writable._write (/Users/oyku/Desktop/project-X/node_modules/mqtt/lib/client.js:335:5)\n    at doWrite (/Users/oyku/Desktop/project-X/node_modules/readable-stream/lib/_stream_writable.js:409:139)\n    at writeOrBuffer (/Users/oyku/Desktop/project-X/node_modules/readable-stream/lib/_stream_writable.js:398:5)\n    at Writable.write (/Users/oyku/Desktop/project-X/node_modules/readable-stream/lib/_stream_writable.js:307:11)\n    at Socket.ondata (internal/streams/readable.js:719:22)","level":"error","timestamp":"2021-10-12T18:59:19.206Z"}
{"level":"info","message":"App is listening on url http://localhost:3000","timestamp":"2021-10-12T18:59:23.727Z"}
{"level":"info","message":"MongoDb connected successfuly...","timestamp":"2021-10-12T18:59:23.748Z"}
{"message":"addMqttData is not a function","stack":"TypeError: addMqttData is not a function\n    at MqttClient.<anonymous> (/Users/oyku/Desktop/project-X/startup/mqtt.js:16:11)\n    at MqttClient.emit (events.js:315:20)\n    at MqttClient._handlePublish (/Users/oyku/Desktop/project-X/node_modules/mqtt/lib/client.js:1277:12)\n    at MqttClient._handlePacket (/Users/oyku/Desktop/project-X/node_modules/mqtt/lib/client.js:410:12)\n    at work (/Users/oyku/Desktop/project-X/node_modules/mqtt/lib/client.js:321:12)\n    at Writable.writable._write (/Users/oyku/Desktop/project-X/node_modules/mqtt/lib/client.js:335:5)\n    at doWrite (/Users/oyku/Desktop/project-X/node_modules/readable-stream/lib/_stream_writable.js:409:139)\n    at writeOrBuffer (/Users/oyku/Desktop/project-X/node_modules/readable-stream/lib/_stream_writable.js:398:5)\n    at Writable.write (/Users/oyku/Desktop/project-X/node_modules/readable-stream/lib/_stream_writable.js:307:11)\n    at Socket.ondata (internal/streams/readable.js:719:22)","level":"error","timestamp":"2021-10-12T18:59:24.222Z"}
{"level":"info","message":"App is listening on url http://localhost:3000","timestamp":"2021-10-12T19:03:12.308Z"}
{"level":"info","message":"MongoDb connected successfuly...","timestamp":"2021-10-12T19:03:12.328Z"}
{"message":"addMqttData is not a function","stack":"TypeError: addMqttData is not a function\n    at MqttClient.<anonymous> (/Users/oyku/Desktop/project-X/startup/mqtt.js:16:11)\n    at MqttClient.emit (events.js:315:20)\n    at MqttClient._handlePublish (/Users/oyku/Desktop/project-X/node_modules/mqtt/lib/client.js:1277:12)\n    at MqttClient._handlePacket (/Users/oyku/Desktop/project-X/node_modules/mqtt/lib/client.js:410:12)\n    at work (/Users/oyku/Desktop/project-X/node_modules/mqtt/lib/client.js:321:12)\n    at Writable.writable._write (/Users/oyku/Desktop/project-X/node_modules/mqtt/lib/client.js:335:5)\n    at doWrite (/Users/oyku/Desktop/project-X/node_modules/readable-stream/lib/_stream_writable.js:409:139)\n    at writeOrBuffer (/Users/oyku/Desktop/project-X/node_modules/readable-stream/lib/_stream_writable.js:398:5)\n    at Writable.write (/Users/oyku/Desktop/project-X/node_modules/readable-stream/lib/_stream_writable.js:307:11)\n    at Socket.ondata (internal/streams/readable.js:719:22)","level":"error","timestamp":"2021-10-12T19:03:14.849Z"}
{"level":"info","message":"App is listening on url http://localhost:3000","timestamp":"2021-10-12T19:10:57.756Z"}
{"level":"info","message":"MongoDb connected successfuly...","timestamp":"2021-10-12T19:10:57.777Z"}
{"message":"Mqtt validation failed: pressure: Path `pressure` is required., speed: Path `speed` is required., mode: Path `mode` is required.","stack":"ValidationError: Mqtt validation failed: pressure: Path `pressure` is required., speed: Path `speed` is required., mode: Path `mode` is required.\n    at model.Document.invalidate (/Users/oyku/Desktop/project-X/node_modules/mongoose/lib/document.js:2879:32)\n    at /Users/oyku/Desktop/project-X/node_modules/mongoose/lib/document.js:2670:17\n    at /Users/oyku/Desktop/project-X/node_modules/mongoose/lib/schematype.js:1280:9\n    at processTicksAndRejections (internal/process/task_queues.js:75:11)","errors":{"pressure":{"name":"ValidatorError","message":"Path `pressure` is required.","properties":{"message":"Path `pressure` is required.","type":"required","path":"pressure"},"kind":"required","path":"pressure"},"speed":{"name":"ValidatorError","message":"Path `speed` is required.","properties":{"message":"Path `speed` is required.","type":"required","path":"speed"},"kind":"required","path":"speed"},"mode":{"name":"ValidatorError","message":"Path `mode` is required.","properties":{"message":"Path `mode` is required.","type":"required","path":"mode"},"kind":"required","path":"mode"}},"_message":"Mqtt validation failed","level":"error","timestamp":"2021-10-12T19:11:01.123Z"}
{"level":"info","message":"App is listening on url http://localhost:3000","timestamp":"2021-10-12T19:11:23.141Z"}
{"level":"info","message":"MongoDb connected successfuly...","timestamp":"2021-10-12T19:11:23.171Z"}
{"message":"Mqtt validation failed: pressure: Path `pressure` is required., speed: Path `speed` is required., mode: Path `mode` is required.","stack":"ValidationError: Mqtt validation failed: pressure: Path `pressure` is required., speed: Path `speed` is required., mode: Path `mode` is required.\n    at model.Document.invalidate (/Users/oyku/Desktop/project-X/node_modules/mongoose/lib/document.js:2879:32)\n    at /Users/oyku/Desktop/project-X/node_modules/mongoose/lib/document.js:2670:17\n    at /Users/oyku/Desktop/project-X/node_modules/mongoose/lib/schematype.js:1280:9\n    at processTicksAndRejections (internal/process/task_queues.js:75:11)","errors":{"pressure":{"name":"ValidatorError","message":"Path `pressure` is required.","properties":{"message":"Path `pressure` is required.","type":"required","path":"pressure"},"kind":"required","path":"pressure"},"speed":{"name":"ValidatorError","message":"Path `speed` is required.","properties":{"message":"Path `speed` is required.","type":"required","path":"speed"},"kind":"required","path":"speed"},"mode":{"name":"ValidatorError","message":"Path `mode` is required.","properties":{"message":"Path `mode` is required.","type":"required","path":"mode"},"kind":"required","path":"mode"}},"_message":"Mqtt validation failed","level":"error","timestamp":"2021-10-12T19:11:26.232Z"}
{"level":"info","message":"App is listening on url http://localhost:3000","timestamp":"2021-10-12T19:12:55.256Z"}
{"level":"info","message":"MongoDb connected successfuly...","timestamp":"2021-10-12T19:12:55.276Z"}
{"message":"Mqtt validation failed: pressure: Path `pressure` is required., speed: Path `speed` is required., mode: Path `mode` is required.","stack":"ValidationError: Mqtt validation failed: pressure: Path `pressure` is required., speed: Path `speed` is required., mode: Path `mode` is required.\n    at model.Document.invalidate (/Users/oyku/Desktop/project-X/node_modules/mongoose/lib/document.js:2879:32)\n    at /Users/oyku/Desktop/project-X/node_modules/mongoose/lib/document.js:2670:17\n    at /Users/oyku/Desktop/project-X/node_modules/mongoose/lib/schematype.js:1280:9\n    at processTicksAndRejections (internal/process/task_queues.js:75:11)","errors":{"pressure":{"name":"ValidatorError","message":"Path `pressure` is required.","properties":{"message":"Path `pressure` is required.","type":"required","path":"pressure"},"kind":"required","path":"pressure"},"speed":{"name":"ValidatorError","message":"Path `speed` is required.","properties":{"message":"Path `speed` is required.","type":"required","path":"speed"},"kind":"required","path":"speed"},"mode":{"name":"ValidatorError","message":"Path `mode` is required.","properties":{"message":"Path `mode` is required.","type":"required","path":"mode"},"kind":"required","path":"mode"}},"_message":"Mqtt validation failed","level":"error","timestamp":"2021-10-12T19:12:56.467Z"}
{"level":"info","message":"App is listening on url http://localhost:3000","timestamp":"2021-10-12T19:15:10.161Z"}
{"level":"info","message":"MongoDb connected successfuly...","timestamp":"2021-10-12T19:15:10.192Z"}
{"level":"info","message":"App is listening on url http://localhost:3000","timestamp":"2021-10-12T19:15:22.923Z"}
{"level":"info","message":"MongoDb connected successfuly...","timestamp":"2021-10-12T19:15:22.944Z"}
{"message":"broadcastMessage is not a function","stack":"TypeError: broadcastMessage is not a function\n    at MqttClient.<anonymous> (/Users/oyku/Desktop/project-X/startup/mqtt.js:26:5)\n    at processTicksAndRejections (internal/process/task_queues.js:93:5)","level":"error","timestamp":"2021-10-12T19:15:24.004Z"}
{"level":"info","message":"App is listening on url http://localhost:3000","timestamp":"2021-10-12T19:15:41.159Z"}
{"level":"info","message":"MongoDb connected successfuly...","timestamp":"2021-10-12T19:15:41.179Z"}
{"message":"broadcastMessage is not a function","stack":"TypeError: broadcastMessage is not a function\n    at MqttClient.<anonymous> (/Users/oyku/Desktop/project-X/startup/mqtt.js:26:5)\n    at processTicksAndRejections (internal/process/task_queues.js:93:5)","level":"error","timestamp":"2021-10-12T19:15:44.055Z"}
{"level":"info","message":"App is listening on url http://localhost:3000","timestamp":"2021-10-12T19:15:46.664Z"}
{"level":"info","message":"MongoDb connected successfuly...","timestamp":"2021-10-12T19:15:46.685Z"}
{"message":"broadcastMessage is not a function","stack":"TypeError: broadcastMessage is not a function\n    at MqttClient.<anonymous> (/Users/oyku/Desktop/project-X/startup/mqtt.js:26:5)\n    at processTicksAndRejections (internal/process/task_queues.js:93:5)","level":"error","timestamp":"2021-10-12T19:15:49.069Z"}
{"level":"info","message":"App is listening on url http://localhost:3000","timestamp":"2021-10-12T19:18:11.750Z"}
{"level":"info","message":"MongoDb connected successfuly...","timestamp":"2021-10-12T19:18:11.773Z"}
{"message":"The first argument must be of type string or an instance of Buffer, ArrayBuffer, or Array or an Array-like Object. Received an instance of Object","stack":"TypeError [ERR_INVALID_ARG_TYPE]: The first argument must be of type string or an instance of Buffer, ArrayBuffer, or Array or an Array-like Object. Received an instance of Object\n    at Function.from (buffer.js:333:9)\n    at toBuffer (/Users/oyku/Desktop/project-X/node_modules/ws/lib/buffer-util.js:95:18)\n    at Sender.send (/Users/oyku/Desktop/project-X/node_modules/ws/lib/sender.js:270:17)\n    at WebSocket.send (/Users/oyku/Desktop/project-X/node_modules/ws/lib/websocket.js:423:18)\n    at each (/Users/oyku/Desktop/project-X/startup/wsSocket.js:20:18)\n    at Set.forEach (<anonymous>)\n    at broadcastMessage (/Users/oyku/Desktop/project-X/startup/wsSocket.js:18:17)\n    at MqttClient.<anonymous> (/Users/oyku/Desktop/project-X/startup/mqtt.js:26:5)\n    at processTicksAndRejections (internal/process/task_queues.js:93:5)","code":"ERR_INVALID_ARG_TYPE","level":"error","timestamp":"2021-10-12T19:18:29.529Z"}
{"level":"info","message":"App is listening on url http://localhost:3000","timestamp":"2021-10-12T19:19:38.168Z"}
{"level":"info","message":"MongoDb connected successfuly...","timestamp":"2021-10-12T19:19:38.197Z"}
{"message":"The first argument must be of type string or an instance of Buffer, ArrayBuffer, or Array or an Array-like Object. Received an instance of Object","stack":"TypeError [ERR_INVALID_ARG_TYPE]: The first argument must be of type string or an instance of Buffer, ArrayBuffer, or Array or an Array-like Object. Received an instance of Object\n    at Function.from (buffer.js:333:9)\n    at toBuffer (/Users/oyku/Desktop/project-X/node_modules/ws/lib/buffer-util.js:95:18)\n    at Sender.send (/Users/oyku/Desktop/project-X/node_modules/ws/lib/sender.js:270:17)\n    at WebSocket.send (/Users/oyku/Desktop/project-X/node_modules/ws/lib/websocket.js:423:18)\n    at each (/Users/oyku/Desktop/project-X/startup/wsSocket.js:20:18)\n    at Set.forEach (<anonymous>)\n    at broadcastMessage (/Users/oyku/Desktop/project-X/startup/wsSocket.js:18:17)\n    at MqttClient.<anonymous> (/Users/oyku/Desktop/project-X/startup/mqtt.js:26:5)\n    at processTicksAndRejections (internal/process/task_queues.js:93:5)","code":"ERR_INVALID_ARG_TYPE","level":"error","timestamp":"2021-10-12T19:19:55.044Z"}
{"level":"info","message":"App is listening on url http://localhost:3000","timestamp":"2021-10-12T19:21:16.888Z"}
{"level":"info","message":"MongoDb connected successfuly...","timestamp":"2021-10-12T19:21:16.914Z"}
{"level":"info","message":"App is listening on url http://localhost:3000","timestamp":"2021-10-12T19:26:49.609Z"}
{"level":"info","message":"MongoDb connected successfuly...","timestamp":"2021-10-12T19:26:49.629Z"}
{"level":"info","message":"App is listening on url http://localhost:3000","timestamp":"2021-10-12T19:28:23.923Z"}
{"level":"info","message":"MongoDb connected successfuly...","timestamp":"2021-10-12T19:28:23.943Z"}
{"message":"Cannot set headers after they are sent to the client","stack":"Error [ERR_HTTP_HEADERS_SENT]: Cannot set headers after they are sent to the client\n    at ServerResponse.setHeader (_http_outgoing.js:558:11)\n    at ServerResponse.header (/Users/oyku/Desktop/project-X/node_modules/express/lib/response.js:771:10)\n    at ServerResponse.send (/Users/oyku/Desktop/project-X/node_modules/express/lib/response.js:170:12)\n    at done (/Users/oyku/Desktop/project-X/node_modules/express/lib/response.js:1008:10)\n    at tryHandleCache (/Users/oyku/Desktop/project-X/node_modules/ejs/lib/ejs.js:278:5)\n    at View.exports.renderFile [as engine] (/Users/oyku/Desktop/project-X/node_modules/ejs/lib/ejs.js:489:10)\n    at View.render (/Users/oyku/Desktop/project-X/node_modules/express/lib/view.js:135:8)\n    at tryRender (/Users/oyku/Desktop/project-X/node_modules/express/lib/application.js:640:10)\n    at Function.render (/Users/oyku/Desktop/project-X/node_modules/express/lib/application.js:592:3)\n    at ServerResponse.render (/Users/oyku/Desktop/project-X/node_modules/express/lib/response.js:1012:7)","code":"ERR_HTTP_HEADERS_SENT","level":"error","timestamp":"2021-10-12T19:29:40.903Z"}
{"level":"info","message":"App is listening on url http://localhost:3000","timestamp":"2021-10-12T19:35:15.537Z"}
{"level":"info","message":"MongoDb connected successfuly...","timestamp":"2021-10-12T19:35:15.557Z"}
{"message":"Cannot set headers after they are sent to the client","stack":"Error [ERR_HTTP_HEADERS_SENT]: Cannot set headers after they are sent to the client\n    at ServerResponse.setHeader (_http_outgoing.js:558:11)\n    at ServerResponse.header (/Users/oyku/Desktop/project-X/node_modules/express/lib/response.js:771:10)\n    at ServerResponse.send (/Users/oyku/Desktop/project-X/node_modules/express/lib/response.js:170:12)\n    at done (/Users/oyku/Desktop/project-X/node_modules/express/lib/response.js:1008:10)\n    at tryHandleCache (/Users/oyku/Desktop/project-X/node_modules/ejs/lib/ejs.js:278:5)\n    at View.exports.renderFile [as engine] (/Users/oyku/Desktop/project-X/node_modules/ejs/lib/ejs.js:489:10)\n    at View.render (/Users/oyku/Desktop/project-X/node_modules/express/lib/view.js:135:8)\n    at tryRender (/Users/oyku/Desktop/project-X/node_modules/express/lib/application.js:640:10)\n    at Function.render (/Users/oyku/Desktop/project-X/node_modules/express/lib/application.js:592:3)\n    at ServerResponse.render (/Users/oyku/Desktop/project-X/node_modules/express/lib/response.js:1012:7)","code":"ERR_HTTP_HEADERS_SENT","level":"error","timestamp":"2021-10-12T19:35:28.205Z"}
{"message":"Cannot set headers after they are sent to the client","stack":"Error [ERR_HTTP_HEADERS_SENT]: Cannot set headers after they are sent to the client\n    at ServerResponse.setHeader (_http_outgoing.js:558:11)\n    at ServerResponse.header (/Users/oyku/Desktop/project-X/node_modules/express/lib/response.js:771:10)\n    at ServerResponse.send (/Users/oyku/Desktop/project-X/node_modules/express/lib/response.js:170:12)\n    at done (/Users/oyku/Desktop/project-X/node_modules/express/lib/response.js:1008:10)\n    at tryHandleCache (/Users/oyku/Desktop/project-X/node_modules/ejs/lib/ejs.js:278:5)\n    at View.exports.renderFile [as engine] (/Users/oyku/Desktop/project-X/node_modules/ejs/lib/ejs.js:489:10)\n    at View.render (/Users/oyku/Desktop/project-X/node_modules/express/lib/view.js:135:8)\n    at tryRender (/Users/oyku/Desktop/project-X/node_modules/express/lib/application.js:640:10)\n    at Function.render (/Users/oyku/Desktop/project-X/node_modules/express/lib/application.js:592:3)\n    at ServerResponse.render (/Users/oyku/Desktop/project-X/node_modules/express/lib/response.js:1012:7)","code":"ERR_HTTP_HEADERS_SENT","level":"error","timestamp":"2021-10-12T19:36:45.722Z"}
{"message":"Cannot set headers after they are sent to the client","stack":"Error [ERR_HTTP_HEADERS_SENT]: Cannot set headers after they are sent to the client\n    at ServerResponse.setHeader (_http_outgoing.js:558:11)\n    at ServerResponse.header (/Users/oyku/Desktop/project-X/node_modules/express/lib/response.js:771:10)\n    at ServerResponse.send (/Users/oyku/Desktop/project-X/node_modules/express/lib/response.js:170:12)\n    at done (/Users/oyku/Desktop/project-X/node_modules/express/lib/response.js:1008:10)\n    at tryHandleCache (/Users/oyku/Desktop/project-X/node_modules/ejs/lib/ejs.js:278:5)\n    at View.exports.renderFile [as engine] (/Users/oyku/Desktop/project-X/node_modules/ejs/lib/ejs.js:489:10)\n    at View.render (/Users/oyku/Desktop/project-X/node_modules/express/lib/view.js:135:8)\n    at tryRender (/Users/oyku/Desktop/project-X/node_modules/express/lib/application.js:640:10)\n    at Function.render (/Users/oyku/Desktop/project-X/node_modules/express/lib/application.js:592:3)\n    at ServerResponse.render (/Users/oyku/Desktop/project-X/node_modules/express/lib/response.js:1012:7)","code":"ERR_HTTP_HEADERS_SENT","level":"error","timestamp":"2021-10-12T19:37:04.187Z"}
{"message":"Cannot set headers after they are sent to the client","stack":"Error [ERR_HTTP_HEADERS_SENT]: Cannot set headers after they are sent to the client\n    at ServerResponse.setHeader (_http_outgoing.js:558:11)\n    at ServerResponse.header (/Users/oyku/Desktop/project-X/node_modules/express/lib/response.js:771:10)\n    at ServerResponse.send (/Users/oyku/Desktop/project-X/node_modules/express/lib/response.js:170:12)\n    at done (/Users/oyku/Desktop/project-X/node_modules/express/lib/response.js:1008:10)\n    at tryHandleCache (/Users/oyku/Desktop/project-X/node_modules/ejs/lib/ejs.js:278:5)\n    at View.exports.renderFile [as engine] (/Users/oyku/Desktop/project-X/node_modules/ejs/lib/ejs.js:489:10)\n    at View.render (/Users/oyku/Desktop/project-X/node_modules/express/lib/view.js:135:8)\n    at tryRender (/Users/oyku/Desktop/project-X/node_modules/express/lib/application.js:640:10)\n    at Function.render (/Users/oyku/Desktop/project-X/node_modules/express/lib/application.js:592:3)\n    at ServerResponse.render (/Users/oyku/Desktop/project-X/node_modules/express/lib/response.js:1012:7)","code":"ERR_HTTP_HEADERS_SENT","level":"error","timestamp":"2021-10-12T19:38:07.722Z"}
{"message":"Cannot set headers after they are sent to the client","stack":"Error [ERR_HTTP_HEADERS_SENT]: Cannot set headers after they are sent to the client\n    at ServerResponse.setHeader (_http_outgoing.js:558:11)\n    at ServerResponse.header (/Users/oyku/Desktop/project-X/node_modules/express/lib/response.js:771:10)\n    at ServerResponse.send (/Users/oyku/Desktop/project-X/node_modules/express/lib/response.js:170:12)\n    at done (/Users/oyku/Desktop/project-X/node_modules/express/lib/response.js:1008:10)\n    at tryHandleCache (/Users/oyku/Desktop/project-X/node_modules/ejs/lib/ejs.js:278:5)\n    at View.exports.renderFile [as engine] (/Users/oyku/Desktop/project-X/node_modules/ejs/lib/ejs.js:489:10)\n    at View.render (/Users/oyku/Desktop/project-X/node_modules/express/lib/view.js:135:8)\n    at tryRender (/Users/oyku/Desktop/project-X/node_modules/express/lib/application.js:640:10)\n    at Function.render (/Users/oyku/Desktop/project-X/node_modules/express/lib/application.js:592:3)\n    at ServerResponse.render (/Users/oyku/Desktop/project-X/node_modules/express/lib/response.js:1012:7)","code":"ERR_HTTP_HEADERS_SENT","level":"error","timestamp":"2021-10-12T19:39:23.214Z"}
{"message":"Cannot set headers after they are sent to the client","stack":"Error [ERR_HTTP_HEADERS_SENT]: Cannot set headers after they are sent to the client\n    at ServerResponse.setHeader (_http_outgoing.js:558:11)\n    at ServerResponse.header (/Users/oyku/Desktop/project-X/node_modules/express/lib/response.js:771:10)\n    at ServerResponse.send (/Users/oyku/Desktop/project-X/node_modules/express/lib/response.js:170:12)\n    at done (/Users/oyku/Desktop/project-X/node_modules/express/lib/response.js:1008:10)\n    at tryHandleCache (/Users/oyku/Desktop/project-X/node_modules/ejs/lib/ejs.js:278:5)\n    at View.exports.renderFile [as engine] (/Users/oyku/Desktop/project-X/node_modules/ejs/lib/ejs.js:489:10)\n    at View.render (/Users/oyku/Desktop/project-X/node_modules/express/lib/view.js:135:8)\n    at tryRender (/Users/oyku/Desktop/project-X/node_modules/express/lib/application.js:640:10)\n    at Function.render (/Users/oyku/Desktop/project-X/node_modules/express/lib/application.js:592:3)\n    at ServerResponse.render (/Users/oyku/Desktop/project-X/node_modules/express/lib/response.js:1012:7)","code":"ERR_HTTP_HEADERS_SENT","level":"error","timestamp":"2021-10-12T19:40:18.342Z"}
{"message":"Cannot set headers after they are sent to the client","stack":"Error [ERR_HTTP_HEADERS_SENT]: Cannot set headers after they are sent to the client\n    at ServerResponse.setHeader (_http_outgoing.js:558:11)\n    at ServerResponse.header (/Users/oyku/Desktop/project-X/node_modules/express/lib/response.js:771:10)\n    at ServerResponse.send (/Users/oyku/Desktop/project-X/node_modules/express/lib/response.js:170:12)\n    at done (/Users/oyku/Desktop/project-X/node_modules/express/lib/response.js:1008:10)\n    at tryHandleCache (/Users/oyku/Desktop/project-X/node_modules/ejs/lib/ejs.js:278:5)\n    at View.exports.renderFile [as engine] (/Users/oyku/Desktop/project-X/node_modules/ejs/lib/ejs.js:489:10)\n    at View.render (/Users/oyku/Desktop/project-X/node_modules/express/lib/view.js:135:8)\n    at tryRender (/Users/oyku/Desktop/project-X/node_modules/express/lib/application.js:640:10)\n    at Function.render (/Users/oyku/Desktop/project-X/node_modules/express/lib/application.js:592:3)\n    at ServerResponse.render (/Users/oyku/Desktop/project-X/node_modules/express/lib/response.js:1012:7)","code":"ERR_HTTP_HEADERS_SENT","level":"error","timestamp":"2021-10-12T19:40:39.162Z"}
{"message":"Cannot set headers after they are sent to the client","stack":"Error [ERR_HTTP_HEADERS_SENT]: Cannot set headers after they are sent to the client\n    at ServerResponse.setHeader (_http_outgoing.js:558:11)\n    at ServerResponse.header (/Users/oyku/Desktop/project-X/node_modules/express/lib/response.js:771:10)\n    at ServerResponse.contentType (/Users/oyku/Desktop/project-X/node_modules/express/lib/response.js:599:15)\n    at ServerResponse.send (/Users/oyku/Desktop/project-X/node_modules/express/lib/response.js:145:14)\n    at done (/Users/oyku/Desktop/project-X/node_modules/express/lib/response.js:1008:10)\n    at tryHandleCache (/Users/oyku/Desktop/project-X/node_modules/ejs/lib/ejs.js:278:5)\n    at View.exports.renderFile [as engine] (/Users/oyku/Desktop/project-X/node_modules/ejs/lib/ejs.js:489:10)\n    at View.render (/Users/oyku/Desktop/project-X/node_modules/express/lib/view.js:135:8)\n    at tryRender (/Users/oyku/Desktop/project-X/node_modules/express/lib/application.js:640:10)\n    at Function.render (/Users/oyku/Desktop/project-X/node_modules/express/lib/application.js:592:3)","code":"ERR_HTTP_HEADERS_SENT","level":"error","timestamp":"2021-10-12T19:40:48.790Z"}
{"message":"Cannot set headers after they are sent to the client","stack":"Error [ERR_HTTP_HEADERS_SENT]: Cannot set headers after they are sent to the client\n    at ServerResponse.setHeader (_http_outgoing.js:558:11)\n    at ServerResponse.header (/Users/oyku/Desktop/project-X/node_modules/express/lib/response.js:771:10)\n    at ServerResponse.send (/Users/oyku/Desktop/project-X/node_modules/express/lib/response.js:170:12)\n    at done (/Users/oyku/Desktop/project-X/node_modules/express/lib/response.js:1008:10)\n    at tryHandleCache (/Users/oyku/Desktop/project-X/node_modules/ejs/lib/ejs.js:278:5)\n    at View.exports.renderFile [as engine] (/Users/oyku/Desktop/project-X/node_modules/ejs/lib/ejs.js:489:10)\n    at View.render (/Users/oyku/Desktop/project-X/node_modules/express/lib/view.js:135:8)\n    at tryRender (/Users/oyku/Desktop/project-X/node_modules/express/lib/application.js:640:10)\n    at Function.render (/Users/oyku/Desktop/project-X/node_modules/express/lib/application.js:592:3)\n    at ServerResponse.render (/Users/oyku/Desktop/project-X/node_modules/express/lib/response.js:1012:7)","code":"ERR_HTTP_HEADERS_SENT","level":"error","timestamp":"2021-10-12T19:41:25.082Z"}
{"message":"Cannot set headers after they are sent to the client","stack":"Error [ERR_HTTP_HEADERS_SENT]: Cannot set headers after they are sent to the client\n    at ServerResponse.setHeader (_http_outgoing.js:558:11)\n    at ServerResponse.header (/Users/oyku/Desktop/project-X/node_modules/express/lib/response.js:771:10)\n    at ServerResponse.contentType (/Users/oyku/Desktop/project-X/node_modules/express/lib/response.js:599:15)\n    at ServerResponse.send (/Users/oyku/Desktop/project-X/node_modules/express/lib/response.js:145:14)\n    at done (/Users/oyku/Desktop/project-X/node_modules/express/lib/response.js:1008:10)\n    at tryHandleCache (/Users/oyku/Desktop/project-X/node_modules/ejs/lib/ejs.js:278:5)\n    at View.exports.renderFile [as engine] (/Users/oyku/Desktop/project-X/node_modules/ejs/lib/ejs.js:489:10)\n    at View.render (/Users/oyku/Desktop/project-X/node_modules/express/lib/view.js:135:8)\n    at tryRender (/Users/oyku/Desktop/project-X/node_modules/express/lib/application.js:640:10)\n    at Function.render (/Users/oyku/Desktop/project-X/node_modules/express/lib/application.js:592:3)","code":"ERR_HTTP_HEADERS_SENT","level":"error","timestamp":"2021-10-12T19:41:51.658Z"}
{"message":"Cannot set headers after they are sent to the client","stack":"Error [ERR_HTTP_HEADERS_SENT]: Cannot set headers after they are sent to the client\n    at ServerResponse.setHeader (_http_outgoing.js:558:11)\n    at ServerResponse.header (/Users/oyku/Desktop/project-X/node_modules/express/lib/response.js:771:10)\n    at ServerResponse.send (/Users/oyku/Desktop/project-X/node_modules/express/lib/response.js:170:12)\n    at done (/Users/oyku/Desktop/project-X/node_modules/express/lib/response.js:1008:10)\n    at tryHandleCache (/Users/oyku/Desktop/project-X/node_modules/ejs/lib/ejs.js:278:5)\n    at View.exports.renderFile [as engine] (/Users/oyku/Desktop/project-X/node_modules/ejs/lib/ejs.js:489:10)\n    at View.render (/Users/oyku/Desktop/project-X/node_modules/express/lib/view.js:135:8)\n    at tryRender (/Users/oyku/Desktop/project-X/node_modules/express/lib/application.js:640:10)\n    at Function.render (/Users/oyku/Desktop/project-X/node_modules/express/lib/application.js:592:3)\n    at ServerResponse.render (/Users/oyku/Desktop/project-X/node_modules/express/lib/response.js:1012:7)","code":"ERR_HTTP_HEADERS_SENT","level":"error","timestamp":"2021-10-12T19:42:22.245Z"}
{"message":"Cannot set headers after they are sent to the client","stack":"Error [ERR_HTTP_HEADERS_SENT]: Cannot set headers after they are sent to the client\n    at ServerResponse.setHeader (_http_outgoing.js:558:11)\n    at ServerResponse.header (/Users/oyku/Desktop/project-X/node_modules/express/lib/response.js:771:10)\n    at ServerResponse.send (/Users/oyku/Desktop/project-X/node_modules/express/lib/response.js:170:12)\n    at done (/Users/oyku/Desktop/project-X/node_modules/express/lib/response.js:1008:10)\n    at tryHandleCache (/Users/oyku/Desktop/project-X/node_modules/ejs/lib/ejs.js:278:5)\n    at View.exports.renderFile [as engine] (/Users/oyku/Desktop/project-X/node_modules/ejs/lib/ejs.js:489:10)\n    at View.render (/Users/oyku/Desktop/project-X/node_modules/express/lib/view.js:135:8)\n    at tryRender (/Users/oyku/Desktop/project-X/node_modules/express/lib/application.js:640:10)\n    at Function.render (/Users/oyku/Desktop/project-X/node_modules/express/lib/application.js:592:3)\n    at ServerResponse.render (/Users/oyku/Desktop/project-X/node_modules/express/lib/response.js:1012:7)","code":"ERR_HTTP_HEADERS_SENT","level":"error","timestamp":"2021-10-12T19:42:47.335Z"}
{"message":"Cannot set headers after they are sent to the client","stack":"Error [ERR_HTTP_HEADERS_SENT]: Cannot set headers after they are sent to the client\n    at ServerResponse.setHeader (_http_outgoing.js:558:11)\n    at ServerResponse.header (/Users/oyku/Desktop/project-X/node_modules/express/lib/response.js:771:10)\n    at ServerResponse.send (/Users/oyku/Desktop/project-X/node_modules/express/lib/response.js:170:12)\n    at done (/Users/oyku/Desktop/project-X/node_modules/express/lib/response.js:1008:10)\n    at tryHandleCache (/Users/oyku/Desktop/project-X/node_modules/ejs/lib/ejs.js:278:5)\n    at View.exports.renderFile [as engine] (/Users/oyku/Desktop/project-X/node_modules/ejs/lib/ejs.js:489:10)\n    at View.render (/Users/oyku/Desktop/project-X/node_modules/express/lib/view.js:135:8)\n    at tryRender (/Users/oyku/Desktop/project-X/node_modules/express/lib/application.js:640:10)\n    at Function.render (/Users/oyku/Desktop/project-X/node_modules/express/lib/application.js:592:3)\n    at ServerResponse.render (/Users/oyku/Desktop/project-X/node_modules/express/lib/response.js:1012:7)","code":"ERR_HTTP_HEADERS_SENT","level":"error","timestamp":"2021-10-12T19:42:54.321Z"}
{"message":"Cannot set headers after they are sent to the client","stack":"Error [ERR_HTTP_HEADERS_SENT]: Cannot set headers after they are sent to the client\n    at ServerResponse.setHeader (_http_outgoing.js:558:11)\n    at ServerResponse.header (/Users/oyku/Desktop/project-X/node_modules/express/lib/response.js:771:10)\n    at ServerResponse.contentType (/Users/oyku/Desktop/project-X/node_modules/express/lib/response.js:599:15)\n    at ServerResponse.send (/Users/oyku/Desktop/project-X/node_modules/express/lib/response.js:145:14)\n    at done (/Users/oyku/Desktop/project-X/node_modules/express/lib/response.js:1008:10)\n    at tryHandleCache (/Users/oyku/Desktop/project-X/node_modules/ejs/lib/ejs.js:278:5)\n    at View.exports.renderFile [as engine] (/Users/oyku/Desktop/project-X/node_modules/ejs/lib/ejs.js:489:10)\n    at View.render (/Users/oyku/Desktop/project-X/node_modules/express/lib/view.js:135:8)\n    at tryRender (/Users/oyku/Desktop/project-X/node_modules/express/lib/application.js:640:10)\n    at Function.render (/Users/oyku/Desktop/project-X/node_modules/express/lib/application.js:592:3)","code":"ERR_HTTP_HEADERS_SENT","level":"error","timestamp":"2021-10-12T19:42:55.641Z"}
{"message":"Cannot set headers after they are sent to the client","stack":"Error [ERR_HTTP_HEADERS_SENT]: Cannot set headers after they are sent to the client\n    at ServerResponse.setHeader (_http_outgoing.js:558:11)\n    at ServerResponse.header (/Users/oyku/Desktop/project-X/node_modules/express/lib/response.js:771:10)\n    at ServerResponse.send (/Users/oyku/Desktop/project-X/node_modules/express/lib/response.js:170:12)\n    at done (/Users/oyku/Desktop/project-X/node_modules/express/lib/response.js:1008:10)\n    at tryHandleCache (/Users/oyku/Desktop/project-X/node_modules/ejs/lib/ejs.js:278:5)\n    at View.exports.renderFile [as engine] (/Users/oyku/Desktop/project-X/node_modules/ejs/lib/ejs.js:489:10)\n    at View.render (/Users/oyku/Desktop/project-X/node_modules/express/lib/view.js:135:8)\n    at tryRender (/Users/oyku/Desktop/project-X/node_modules/express/lib/application.js:640:10)\n    at Function.render (/Users/oyku/Desktop/project-X/node_modules/express/lib/application.js:592:3)\n    at ServerResponse.render (/Users/oyku/Desktop/project-X/node_modules/express/lib/response.js:1012:7)","code":"ERR_HTTP_HEADERS_SENT","level":"error","timestamp":"2021-10-12T19:43:47.309Z"}
{"message":"Cannot set headers after they are sent to the client","stack":"Error [ERR_HTTP_HEADERS_SENT]: Cannot set headers after they are sent to the client\n    at ServerResponse.setHeader (_http_outgoing.js:558:11)\n    at ServerResponse.header (/Users/oyku/Desktop/project-X/node_modules/express/lib/response.js:771:10)\n    at ServerResponse.send (/Users/oyku/Desktop/project-X/node_modules/express/lib/response.js:170:12)\n    at done (/Users/oyku/Desktop/project-X/node_modules/express/lib/response.js:1008:10)\n    at tryHandleCache (/Users/oyku/Desktop/project-X/node_modules/ejs/lib/ejs.js:278:5)\n    at View.exports.renderFile [as engine] (/Users/oyku/Desktop/project-X/node_modules/ejs/lib/ejs.js:489:10)\n    at View.render (/Users/oyku/Desktop/project-X/node_modules/express/lib/view.js:135:8)\n    at tryRender (/Users/oyku/Desktop/project-X/node_modules/express/lib/application.js:640:10)\n    at Function.render (/Users/oyku/Desktop/project-X/node_modules/express/lib/application.js:592:3)\n    at ServerResponse.render (/Users/oyku/Desktop/project-X/node_modules/express/lib/response.js:1012:7)","code":"ERR_HTTP_HEADERS_SENT","level":"error","timestamp":"2021-10-12T19:45:14.971Z"}
{"level":"info","message":"App is listening on url http://localhost:3000","timestamp":"2021-10-13T12:48:49.533Z"}
{"level":"info","message":"MongoDb connected successfuly...","timestamp":"2021-10-13T12:48:49.560Z"}
{"level":"info","message":"App is listening on url http://localhost:3000","timestamp":"2021-10-13T13:01:47.616Z"}
{"level":"info","message":"MongoDb connected successfuly...","timestamp":"2021-10-13T13:01:47.636Z"}
{"level":"info","message":"App is listening on url http://localhost:3000","timestamp":"2021-10-13T13:03:58.638Z"}
{"level":"info","message":"MongoDb connected successfuly...","timestamp":"2021-10-13T13:03:58.664Z"}
{"level":"info","message":"App is listening on url http://localhost:3000","timestamp":"2021-10-13T13:05:43.154Z"}
{"level":"info","message":"MongoDb connected successfuly...","timestamp":"2021-10-13T13:05:43.173Z"}
{"level":"info","message":"App is listening on url http://localhost:3000","timestamp":"2021-10-13T13:06:27.390Z"}
{"level":"info","message":"MongoDb connected successfuly...","timestamp":"2021-10-13T13:06:27.417Z"}
{"level":"info","message":"App is listening on url http://localhost:3000","timestamp":"2021-10-27T17:32:59.943Z"}
{"level":"info","message":"MongoDb connected successfuly...","timestamp":"2021-10-27T17:32:59.972Z"}
{"level":"info","message":"App is listening on url http://localhost:3000","timestamp":"2021-10-27T17:41:49.008Z"}
{"level":"info","message":"MongoDb connected successfuly...","timestamp":"2021-10-27T17:41:49.026Z"}
{"level":"info","message":"App is listening on url http://localhost:3000","timestamp":"2021-10-27T17:41:49.586Z"}
{"level":"info","message":"MongoDb connected successfuly...","timestamp":"2021-10-27T17:41:49.606Z"}
{"level":"info","message":"App is listening on url http://localhost:3000","timestamp":"2021-10-27T17:41:56.514Z"}
{"level":"info","message":"MongoDb connected successfuly...","timestamp":"2021-10-27T17:41:56.534Z"}
{"message":"Cannot set headers after they are sent to the client","stack":"Error [ERR_HTTP_HEADERS_SENT]: Cannot set headers after they are sent to the client\n    at ServerResponse.setHeader (_http_outgoing.js:558:11)\n    at ServerResponse.header (/Users/oyku/Desktop/project-X/node_modules/express/lib/response.js:771:10)\n    at ServerResponse.send (/Users/oyku/Desktop/project-X/node_modules/express/lib/response.js:170:12)\n    at done (/Users/oyku/Desktop/project-X/node_modules/express/lib/response.js:1008:10)\n    at tryHandleCache (/Users/oyku/Desktop/project-X/node_modules/ejs/lib/ejs.js:278:5)\n    at View.exports.renderFile [as engine] (/Users/oyku/Desktop/project-X/node_modules/ejs/lib/ejs.js:489:10)\n    at View.render (/Users/oyku/Desktop/project-X/node_modules/express/lib/view.js:135:8)\n    at tryRender (/Users/oyku/Desktop/project-X/node_modules/express/lib/application.js:640:10)\n    at Function.render (/Users/oyku/Desktop/project-X/node_modules/express/lib/application.js:592:3)\n    at ServerResponse.render (/Users/oyku/Desktop/project-X/node_modules/express/lib/response.js:1012:7)","code":"ERR_HTTP_HEADERS_SENT","level":"error","timestamp":"2021-10-27T17:42:04.639Z"}
{"level":"info","message":"App is listening on url http://localhost:3000","timestamp":"2021-10-27T17:47:47.850Z"}
{"level":"info","message":"MongoDb connected successfuly...","timestamp":"2021-10-27T17:47:47.871Z"}
{"level":"info","message":"App is listening on url http://localhost:3000","timestamp":"2021-10-27T17:51:07.703Z"}
{"level":"info","message":"MongoDb connected successfuly...","timestamp":"2021-10-27T17:51:07.727Z"}
{"level":"info","message":"App is listening on url http://localhost:3000","timestamp":"2021-10-27T17:54:14.203Z"}
{"level":"info","message":"MongoDb connected successfuly...","timestamp":"2021-10-27T17:54:14.223Z"}
{"level":"info","message":"App is listening on url http://localhost:3000","timestamp":"2021-10-28T10:27:48.762Z"}
{"level":"info","message":"MongoDb connected successfuly...","timestamp":"2021-10-28T10:27:48.779Z"}
{"level":"info","message":"App is listening on url http://localhost:3000","timestamp":"2021-10-28T10:29:12.847Z"}
{"level":"info","message":"MongoDb connected successfuly...","timestamp":"2021-10-28T10:29:12.867Z"}
{"level":"info","message":"App is listening on url http://localhost:3000","timestamp":"2021-10-28T10:29:14.235Z"}
{"level":"info","message":"MongoDb connected successfuly...","timestamp":"2021-10-28T10:29:14.255Z"}
{"message":"Mqtt.sort is not a function","stack":"TypeError: Mqtt.sort is not a function\n    at deviceHistory (/Users/oyku/Desktop/project-X/controllers/homeController.js:16:41)\n    at Layer.handle [as handle_request] (/Users/oyku/Desktop/project-X/node_modules/express/lib/router/layer.js:95:5)\n    at next (/Users/oyku/Desktop/project-X/node_modules/express/lib/router/route.js:137:13)\n    at Route.dispatch (/Users/oyku/Desktop/project-X/node_modules/express/lib/router/route.js:112:3)\n    at Layer.handle [as handle_request] (/Users/oyku/Desktop/project-X/node_modules/express/lib/router/layer.js:95:5)\n    at /Users/oyku/Desktop/project-X/node_modules/express/lib/router/index.js:281:22\n    at Function.process_params (/Users/oyku/Desktop/project-X/node_modules/express/lib/router/index.js:335:12)\n    at next (/Users/oyku/Desktop/project-X/node_modules/express/lib/router/index.js:275:10)\n    at Function.handle (/Users/oyku/Desktop/project-X/node_modules/express/lib/router/index.js:174:3)\n    at router (/Users/oyku/Desktop/project-X/node_modules/express/lib/router/index.js:47:12)","level":"error","timestamp":"2021-10-28T10:29:19.486Z"}
{"level":"info","message":"App is listening on url http://localhost:3000","timestamp":"2021-10-28T10:29:29.889Z"}
{"level":"info","message":"MongoDb connected successfuly...","timestamp":"2021-10-28T10:29:29.916Z"}
{"message":"Cannot set headers after they are sent to the client","stack":"Error [ERR_HTTP_HEADERS_SENT]: Cannot set headers after they are sent to the client\n    at ServerResponse.setHeader (_http_outgoing.js:558:11)\n    at ServerResponse.header (/Users/oyku/Desktop/project-X/node_modules/express/lib/response.js:771:10)\n    at ServerResponse.contentType (/Users/oyku/Desktop/project-X/node_modules/express/lib/response.js:599:15)\n    at ServerResponse.send (/Users/oyku/Desktop/project-X/node_modules/express/lib/response.js:145:14)\n    at done (/Users/oyku/Desktop/project-X/node_modules/express/lib/response.js:1008:10)\n    at tryHandleCache (/Users/oyku/Desktop/project-X/node_modules/ejs/lib/ejs.js:278:5)\n    at View.exports.renderFile [as engine] (/Users/oyku/Desktop/project-X/node_modules/ejs/lib/ejs.js:489:10)\n    at View.render (/Users/oyku/Desktop/project-X/node_modules/express/lib/view.js:135:8)\n    at tryRender (/Users/oyku/Desktop/project-X/node_modules/express/lib/application.js:640:10)\n    at Function.render (/Users/oyku/Desktop/project-X/node_modules/express/lib/application.js:592:3)","code":"ERR_HTTP_HEADERS_SENT","level":"error","timestamp":"2021-10-28T10:29:37.077Z"}
{"level":"info","message":"App is listening on url http://localhost:3000","timestamp":"2021-10-28T10:29:45.109Z"}
{"level":"info","message":"App is listening on url http://localhost:3000","timestamp":"2021-10-28T10:29:45.565Z"}
{"level":"info","message":"MongoDb connected successfuly...","timestamp":"2021-10-28T10:29:45.582Z"}
{"level":"info","message":"App is listening on url http://localhost:3000","timestamp":"2021-10-28T10:30:04.190Z"}
{"level":"info","message":"MongoDb connected successfuly...","timestamp":"2021-10-28T10:30:04.209Z"}
{"level":"info","message":"App is listening on url http://localhost:3000","timestamp":"2021-10-28T10:30:09.111Z"}
{"level":"info","message":"MongoDb connected successfuly...","timestamp":"2021-10-28T10:30:09.135Z"}
{"message":"Cannot set headers after they are sent to the client","stack":"Error [ERR_HTTP_HEADERS_SENT]: Cannot set headers after they are sent to the client\n    at ServerResponse.setHeader (_http_outgoing.js:558:11)\n    at ServerResponse.header (/Users/oyku/Desktop/project-X/node_modules/express/lib/response.js:771:10)\n    at ServerResponse.contentType (/Users/oyku/Desktop/project-X/node_modules/express/lib/response.js:599:15)\n    at ServerResponse.send (/Users/oyku/Desktop/project-X/node_modules/express/lib/response.js:145:14)\n    at done (/Users/oyku/Desktop/project-X/node_modules/express/lib/response.js:1008:10)\n    at tryHandleCache (/Users/oyku/Desktop/project-X/node_modules/ejs/lib/ejs.js:278:5)\n    at View.exports.renderFile [as engine] (/Users/oyku/Desktop/project-X/node_modules/ejs/lib/ejs.js:489:10)\n    at View.render (/Users/oyku/Desktop/project-X/node_modules/express/lib/view.js:135:8)\n    at tryRender (/Users/oyku/Desktop/project-X/node_modules/express/lib/application.js:640:10)\n    at Function.render (/Users/oyku/Desktop/project-X/node_modules/express/lib/application.js:592:3)","code":"ERR_HTTP_HEADERS_SENT","level":"error","timestamp":"2021-10-28T10:30:21.337Z"}
{"message":"Cannot set headers after they are sent to the client","stack":"Error [ERR_HTTP_HEADERS_SENT]: Cannot set headers after they are sent to the client\n    at ServerResponse.setHeader (_http_outgoing.js:558:11)\n    at ServerResponse.header (/Users/oyku/Desktop/project-X/node_modules/express/lib/response.js:771:10)\n    at ServerResponse.contentType (/Users/oyku/Desktop/project-X/node_modules/express/lib/response.js:599:15)\n    at ServerResponse.send (/Users/oyku/Desktop/project-X/node_modules/express/lib/response.js:145:14)\n    at done (/Users/oyku/Desktop/project-X/node_modules/express/lib/response.js:1008:10)\n    at tryHandleCache (/Users/oyku/Desktop/project-X/node_modules/ejs/lib/ejs.js:278:5)\n    at View.exports.renderFile [as engine] (/Users/oyku/Desktop/project-X/node_modules/ejs/lib/ejs.js:489:10)\n    at View.render (/Users/oyku/Desktop/project-X/node_modules/express/lib/view.js:135:8)\n    at tryRender (/Users/oyku/Desktop/project-X/node_modules/express/lib/application.js:640:10)\n    at Function.render (/Users/oyku/Desktop/project-X/node_modules/express/lib/application.js:592:3)","code":"ERR_HTTP_HEADERS_SENT","level":"error","timestamp":"2021-10-28T10:30:51.564Z"}
{"message":"Cannot set headers after they are sent to the client","stack":"Error [ERR_HTTP_HEADERS_SENT]: Cannot set headers after they are sent to the client\n    at ServerResponse.setHeader (_http_outgoing.js:558:11)\n    at ServerResponse.header (/Users/oyku/Desktop/project-X/node_modules/express/lib/response.js:771:10)\n    at ServerResponse.send (/Users/oyku/Desktop/project-X/node_modules/express/lib/response.js:170:12)\n    at done (/Users/oyku/Desktop/project-X/node_modules/express/lib/response.js:1008:10)\n    at tryHandleCache (/Users/oyku/Desktop/project-X/node_modules/ejs/lib/ejs.js:278:5)\n    at View.exports.renderFile [as engine] (/Users/oyku/Desktop/project-X/node_modules/ejs/lib/ejs.js:489:10)\n    at View.render (/Users/oyku/Desktop/project-X/node_modules/express/lib/view.js:135:8)\n    at tryRender (/Users/oyku/Desktop/project-X/node_modules/express/lib/application.js:640:10)\n    at Function.render (/Users/oyku/Desktop/project-X/node_modules/express/lib/application.js:592:3)\n    at ServerResponse.render (/Users/oyku/Desktop/project-X/node_modules/express/lib/response.js:1012:7)","code":"ERR_HTTP_HEADERS_SENT","level":"error","timestamp":"2021-10-28T10:32:02.208Z"}
{"message":"Cannot set headers after they are sent to the client","stack":"Error [ERR_HTTP_HEADERS_SENT]: Cannot set headers after they are sent to the client\n    at ServerResponse.setHeader (_http_outgoing.js:558:11)\n    at ServerResponse.header (/Users/oyku/Desktop/project-X/node_modules/express/lib/response.js:771:10)\n    at ServerResponse.send (/Users/oyku/Desktop/project-X/node_modules/express/lib/response.js:170:12)\n    at done (/Users/oyku/Desktop/project-X/node_modules/express/lib/response.js:1008:10)\n    at tryHandleCache (/Users/oyku/Desktop/project-X/node_modules/ejs/lib/ejs.js:278:5)\n    at View.exports.renderFile [as engine] (/Users/oyku/Desktop/project-X/node_modules/ejs/lib/ejs.js:489:10)\n    at View.render (/Users/oyku/Desktop/project-X/node_modules/express/lib/view.js:135:8)\n    at tryRender (/Users/oyku/Desktop/project-X/node_modules/express/lib/application.js:640:10)\n    at Function.render (/Users/oyku/Desktop/project-X/node_modules/express/lib/application.js:592:3)\n    at ServerResponse.render (/Users/oyku/Desktop/project-X/node_modules/express/lib/response.js:1012:7)","code":"ERR_HTTP_HEADERS_SENT","level":"error","timestamp":"2021-10-28T10:32:35.829Z"}
{"message":"Cannot set headers after they are sent to the client","stack":"Error [ERR_HTTP_HEADERS_SENT]: Cannot set headers after they are sent to the client\n    at ServerResponse.setHeader (_http_outgoing.js:558:11)\n    at ServerResponse.header (/Users/oyku/Desktop/project-X/node_modules/express/lib/response.js:771:10)\n    at ServerResponse.send (/Users/oyku/Desktop/project-X/node_modules/express/lib/response.js:170:12)\n    at done (/Users/oyku/Desktop/project-X/node_modules/express/lib/response.js:1008:10)\n    at tryHandleCache (/Users/oyku/Desktop/project-X/node_modules/ejs/lib/ejs.js:278:5)\n    at View.exports.renderFile [as engine] (/Users/oyku/Desktop/project-X/node_modules/ejs/lib/ejs.js:489:10)\n    at View.render (/Users/oyku/Desktop/project-X/node_modules/express/lib/view.js:135:8)\n    at tryRender (/Users/oyku/Desktop/project-X/node_modules/express/lib/application.js:640:10)\n    at Function.render (/Users/oyku/Desktop/project-X/node_modules/express/lib/application.js:592:3)\n    at ServerResponse.render (/Users/oyku/Desktop/project-X/node_modules/express/lib/response.js:1012:7)","code":"ERR_HTTP_HEADERS_SENT","level":"error","timestamp":"2021-10-28T10:32:44.405Z"}
{"message":"Cannot set headers after they are sent to the client","stack":"Error [ERR_HTTP_HEADERS_SENT]: Cannot set headers after they are sent to the client\n    at ServerResponse.setHeader (_http_outgoing.js:558:11)\n    at ServerResponse.header (/Users/oyku/Desktop/project-X/node_modules/express/lib/response.js:771:10)\n    at ServerResponse.send (/Users/oyku/Desktop/project-X/node_modules/express/lib/response.js:170:12)\n    at done (/Users/oyku/Desktop/project-X/node_modules/express/lib/response.js:1008:10)\n    at tryHandleCache (/Users/oyku/Desktop/project-X/node_modules/ejs/lib/ejs.js:278:5)\n    at View.exports.renderFile [as engine] (/Users/oyku/Desktop/project-X/node_modules/ejs/lib/ejs.js:489:10)\n    at View.render (/Users/oyku/Desktop/project-X/node_modules/express/lib/view.js:135:8)\n    at tryRender (/Users/oyku/Desktop/project-X/node_modules/express/lib/application.js:640:10)\n    at Function.render (/Users/oyku/Desktop/project-X/node_modules/express/lib/application.js:592:3)\n    at ServerResponse.render (/Users/oyku/Desktop/project-X/node_modules/express/lib/response.js:1012:7)","code":"ERR_HTTP_HEADERS_SENT","level":"error","timestamp":"2021-10-28T10:32:56.207Z"}
{"message":"Cannot set headers after they are sent to the client","stack":"Error [ERR_HTTP_HEADERS_SENT]: Cannot set headers after they are sent to the client\n    at ServerResponse.setHeader (_http_outgoing.js:558:11)\n    at ServerResponse.header (/Users/oyku/Desktop/project-X/node_modules/express/lib/response.js:771:10)\n    at ServerResponse.send (/Users/oyku/Desktop/project-X/node_modules/express/lib/response.js:170:12)\n    at done (/Users/oyku/Desktop/project-X/node_modules/express/lib/response.js:1008:10)\n    at tryHandleCache (/Users/oyku/Desktop/project-X/node_modules/ejs/lib/ejs.js:278:5)\n    at View.exports.renderFile [as engine] (/Users/oyku/Desktop/project-X/node_modules/ejs/lib/ejs.js:489:10)\n    at View.render (/Users/oyku/Desktop/project-X/node_modules/express/lib/view.js:135:8)\n    at tryRender (/Users/oyku/Desktop/project-X/node_modules/express/lib/application.js:640:10)\n    at Function.render (/Users/oyku/Desktop/project-X/node_modules/express/lib/application.js:592:3)\n    at ServerResponse.render (/Users/oyku/Desktop/project-X/node_modules/express/lib/response.js:1012:7)","code":"ERR_HTTP_HEADERS_SENT","level":"error","timestamp":"2021-10-28T10:33:21.997Z"}
{"message":"Cannot set headers after they are sent to the client","stack":"Error [ERR_HTTP_HEADERS_SENT]: Cannot set headers after they are sent to the client\n    at ServerResponse.setHeader (_http_outgoing.js:558:11)\n    at ServerResponse.header (/Users/oyku/Desktop/project-X/node_modules/express/lib/response.js:771:10)\n    at ServerResponse.contentType (/Users/oyku/Desktop/project-X/node_modules/express/lib/response.js:599:15)\n    at ServerResponse.send (/Users/oyku/Desktop/project-X/node_modules/express/lib/response.js:145:14)\n    at done (/Users/oyku/Desktop/project-X/node_modules/express/lib/response.js:1008:10)\n    at tryHandleCache (/Users/oyku/Desktop/project-X/node_modules/ejs/lib/ejs.js:278:5)\n    at View.exports.renderFile [as engine] (/Users/oyku/Desktop/project-X/node_modules/ejs/lib/ejs.js:489:10)\n    at View.render (/Users/oyku/Desktop/project-X/node_modules/express/lib/view.js:135:8)\n    at tryRender (/Users/oyku/Desktop/project-X/node_modules/express/lib/application.js:640:10)\n    at Function.render (/Users/oyku/Desktop/project-X/node_modules/express/lib/application.js:592:3)","code":"ERR_HTTP_HEADERS_SENT","level":"error","timestamp":"2021-10-28T10:33:30.059Z"}
{"message":"Cannot set headers after they are sent to the client","stack":"Error [ERR_HTTP_HEADERS_SENT]: Cannot set headers after they are sent to the client\n    at ServerResponse.setHeader (_http_outgoing.js:558:11)\n    at ServerResponse.header (/Users/oyku/Desktop/project-X/node_modules/express/lib/response.js:771:10)\n    at ServerResponse.send (/Users/oyku/Desktop/project-X/node_modules/express/lib/response.js:170:12)\n    at done (/Users/oyku/Desktop/project-X/node_modules/express/lib/response.js:1008:10)\n    at tryHandleCache (/Users/oyku/Desktop/project-X/node_modules/ejs/lib/ejs.js:278:5)\n    at View.exports.renderFile [as engine] (/Users/oyku/Desktop/project-X/node_modules/ejs/lib/ejs.js:489:10)\n    at View.render (/Users/oyku/Desktop/project-X/node_modules/express/lib/view.js:135:8)\n    at tryRender (/Users/oyku/Desktop/project-X/node_modules/express/lib/application.js:640:10)\n    at Function.render (/Users/oyku/Desktop/project-X/node_modules/express/lib/application.js:592:3)\n    at ServerResponse.render (/Users/oyku/Desktop/project-X/node_modules/express/lib/response.js:1012:7)","code":"ERR_HTTP_HEADERS_SENT","level":"error","timestamp":"2021-10-28T10:33:44.198Z"}
{"message":"Cannot set headers after they are sent to the client","stack":"Error [ERR_HTTP_HEADERS_SENT]: Cannot set headers after they are sent to the client\n    at ServerResponse.setHeader (_http_outgoing.js:558:11)\n    at ServerResponse.header (/Users/oyku/Desktop/project-X/node_modules/express/lib/response.js:771:10)\n    at ServerResponse.send (/Users/oyku/Desktop/project-X/node_modules/express/lib/response.js:170:12)\n    at done (/Users/oyku/Desktop/project-X/node_modules/express/lib/response.js:1008:10)\n    at tryHandleCache (/Users/oyku/Desktop/project-X/node_modules/ejs/lib/ejs.js:278:5)\n    at View.exports.renderFile [as engine] (/Users/oyku/Desktop/project-X/node_modules/ejs/lib/ejs.js:489:10)\n    at View.render (/Users/oyku/Desktop/project-X/node_modules/express/lib/view.js:135:8)\n    at tryRender (/Users/oyku/Desktop/project-X/node_modules/express/lib/application.js:640:10)\n    at Function.render (/Users/oyku/Desktop/project-X/node_modules/express/lib/application.js:592:3)\n    at ServerResponse.render (/Users/oyku/Desktop/project-X/node_modules/express/lib/response.js:1012:7)","code":"ERR_HTTP_HEADERS_SENT","level":"error","timestamp":"2021-10-28T10:33:52.213Z"}
{"message":"Cannot set headers after they are sent to the client","stack":"Error [ERR_HTTP_HEADERS_SENT]: Cannot set headers after they are sent to the client\n    at ServerResponse.setHeader (_http_outgoing.js:558:11)\n    at ServerResponse.header (/Users/oyku/Desktop/project-X/node_modules/express/lib/response.js:771:10)\n    at ServerResponse.send (/Users/oyku/Desktop/project-X/node_modules/express/lib/response.js:170:12)\n    at done (/Users/oyku/Desktop/project-X/node_modules/express/lib/response.js:1008:10)\n    at tryHandleCache (/Users/oyku/Desktop/project-X/node_modules/ejs/lib/ejs.js:278:5)\n    at View.exports.renderFile [as engine] (/Users/oyku/Desktop/project-X/node_modules/ejs/lib/ejs.js:489:10)\n    at View.render (/Users/oyku/Desktop/project-X/node_modules/express/lib/view.js:135:8)\n    at tryRender (/Users/oyku/Desktop/project-X/node_modules/express/lib/application.js:640:10)\n    at Function.render (/Users/oyku/Desktop/project-X/node_modules/express/lib/application.js:592:3)\n    at ServerResponse.render (/Users/oyku/Desktop/project-X/node_modules/express/lib/response.js:1012:7)","code":"ERR_HTTP_HEADERS_SENT","level":"error","timestamp":"2021-10-28T10:34:01.817Z"}
{"level":"info","message":"App is listening on url http://localhost:3000","timestamp":"2021-11-01T12:37:39.479Z"}
{"level":"info","message":"MongoDb connected successfuly...","timestamp":"2021-11-01T12:37:39.503Z"}
{"level":"info","message":"App is listening on url http://localhost:3000","timestamp":"2021-11-01T13:35:17.058Z"}
{"level":"info","message":"MongoDb connected successfuly...","timestamp":"2021-11-01T13:35:17.093Z"}
{"level":"info","message":"App is listening on url http://localhost:3000","timestamp":"2021-11-01T13:41:01.426Z"}
{"level":"info","message":"MongoDb connected successfuly...","timestamp":"2021-11-01T13:41:01.457Z"}
{"level":"info","message":"App is listening on url http://localhost:3000","timestamp":"2021-11-01T13:41:36.043Z"}
{"level":"info","message":"MongoDb connected successfuly...","timestamp":"2021-11-01T13:41:36.063Z"}
{"level":"info","message":"App is listening on url http://localhost:3000","timestamp":"2021-11-01T13:42:31.390Z"}
{"level":"info","message":"MongoDb connected successfuly...","timestamp":"2021-11-01T13:42:31.410Z"}
{"message":"sort is not defined","stack":"ReferenceError: sort is not defined\n    at deviceHistory (/Users/oyku/Desktop/project-X/controllers/homeController.js:18:60)\n    at processTicksAndRejections (internal/process/task_queues.js:93:5)","level":"error","timestamp":"2021-11-01T13:42:38.530Z"}
{"level":"info","message":"App is listening on url http://localhost:3000","timestamp":"2021-11-01T13:43:49.638Z"}
{"level":"info","message":"MongoDb connected successfuly...","timestamp":"2021-11-01T13:43:49.664Z"}
{"level":"info","message":"App is listening on url http://localhost:3000","timestamp":"2021-11-01T13:46:06.490Z"}
{"level":"info","message":"MongoDb connected successfuly...","timestamp":"2021-11-01T13:46:06.511Z"}
{"level":"info","message":"App is listening on url http://localhost:3000","timestamp":"2021-11-01T13:47:53.621Z"}
{"level":"info","message":"MongoDb connected successfuly...","timestamp":"2021-11-01T13:47:53.650Z"}
{"message":"Cannot set headers after they are sent to the client","stack":"Error [ERR_HTTP_HEADERS_SENT]: Cannot set headers after they are sent to the client\n    at ServerResponse.setHeader (_http_outgoing.js:558:11)\n    at ServerResponse.header (/Users/oyku/Desktop/project-X/node_modules/express/lib/response.js:771:10)\n    at ServerResponse.send (/Users/oyku/Desktop/project-X/node_modules/express/lib/response.js:170:12)\n    at done (/Users/oyku/Desktop/project-X/node_modules/express/lib/response.js:1008:10)\n    at tryHandleCache (/Users/oyku/Desktop/project-X/node_modules/ejs/lib/ejs.js:278:5)\n    at View.exports.renderFile [as engine] (/Users/oyku/Desktop/project-X/node_modules/ejs/lib/ejs.js:489:10)\n    at View.render (/Users/oyku/Desktop/project-X/node_modules/express/lib/view.js:135:8)\n    at tryRender (/Users/oyku/Desktop/project-X/node_modules/express/lib/application.js:640:10)\n    at Function.render (/Users/oyku/Desktop/project-X/node_modules/express/lib/application.js:592:3)\n    at ServerResponse.render (/Users/oyku/Desktop/project-X/node_modules/express/lib/response.js:1012:7)","code":"ERR_HTTP_HEADERS_SENT","level":"error","timestamp":"2021-11-01T15:22:31.340Z"}
{"message":"Cannot set headers after they are sent to the client","stack":"Error [ERR_HTTP_HEADERS_SENT]: Cannot set headers after they are sent to the client\n    at ServerResponse.setHeader (_http_outgoing.js:558:11)\n    at ServerResponse.header (/Users/oyku/Desktop/project-X/node_modules/express/lib/response.js:771:10)\n    at ServerResponse.contentType (/Users/oyku/Desktop/project-X/node_modules/express/lib/response.js:599:15)\n    at ServerResponse.send (/Users/oyku/Desktop/project-X/node_modules/express/lib/response.js:145:14)\n    at done (/Users/oyku/Desktop/project-X/node_modules/express/lib/response.js:1008:10)\n    at tryHandleCache (/Users/oyku/Desktop/project-X/node_modules/ejs/lib/ejs.js:278:5)\n    at View.exports.renderFile [as engine] (/Users/oyku/Desktop/project-X/node_modules/ejs/lib/ejs.js:489:10)\n    at View.render (/Users/oyku/Desktop/project-X/node_modules/express/lib/view.js:135:8)\n    at tryRender (/Users/oyku/Desktop/project-X/node_modules/express/lib/application.js:640:10)\n    at Function.render (/Users/oyku/Desktop/project-X/node_modules/express/lib/application.js:592:3)","code":"ERR_HTTP_HEADERS_SENT","level":"error","timestamp":"2021-11-01T15:22:40.492Z"}
{"level":"info","message":"App is listening on url http://localhost:3000","timestamp":"2021-11-01T22:15:39.810Z"}
{"level":"info","message":"MongoDb connected successfuly...","timestamp":"2021-11-01T22:15:39.830Z"}
{"message":"Failed to lookup view \"home\" in views directory \"/Users/oyku/Desktop/project-X/views\"","stack":"Error: Failed to lookup view \"home\" in views directory \"/Users/oyku/Desktop/project-X/views\"\n    at Function.render (/Users/oyku/Desktop/project-X/node_modules/express/lib/application.js:580:17)\n    at ServerResponse.render (/Users/oyku/Desktop/project-X/node_modules/express/lib/response.js:1012:7)\n    at homeView (/Users/oyku/Desktop/project-X/controllers/homeController.js:7:24)\n    at processTicksAndRejections (internal/process/task_queues.js:93:5)","view":{"defaultEngine":"ejs","ext":".ejs","name":"home","root":"/Users/oyku/Desktop/project-X/views"},"level":"error","timestamp":"2021-11-01T22:18:22.144Z"}
{"message":"Failed to lookup view \"home\" in views directory \"/Users/oyku/Desktop/project-X/views\"","stack":"Error: Failed to lookup view \"home\" in views directory \"/Users/oyku/Desktop/project-X/views\"\n    at Function.render (/Users/oyku/Desktop/project-X/node_modules/express/lib/application.js:580:17)\n    at ServerResponse.render (/Users/oyku/Desktop/project-X/node_modules/express/lib/response.js:1012:7)\n    at homeView (/Users/oyku/Desktop/project-X/controllers/homeController.js:7:24)\n    at processTicksAndRejections (internal/process/task_queues.js:93:5)","view":{"defaultEngine":"ejs","ext":".ejs","name":"home","root":"/Users/oyku/Desktop/project-X/views"},"level":"error","timestamp":"2021-11-01T22:18:25.218Z"}
{"level":"info","message":"App is listening on url http://localhost:3000","timestamp":"2021-11-01T22:19:36.753Z"}
{"level":"info","message":"MongoDb connected successfuly...","timestamp":"2021-11-01T22:19:36.774Z"}
{"level":"info","message":"App is listening on url http://localhost:3000","timestamp":"2021-11-02T11:00:47.370Z"}
{"level":"info","message":"MongoDb connected successfuly...","timestamp":"2021-11-02T11:00:47.387Z"}
{"message":"Cannot set headers after they are sent to the client","stack":"Error [ERR_HTTP_HEADERS_SENT]: Cannot set headers after they are sent to the client\n    at ServerResponse.setHeader (_http_outgoing.js:558:11)\n    at ServerResponse.header (/Users/oyku/Desktop/IOTPROJECT/node_modules/express/lib/response.js:771:10)\n    at ServerResponse.contentType (/Users/oyku/Desktop/IOTPROJECT/node_modules/express/lib/response.js:599:15)\n    at ServerResponse.send (/Users/oyku/Desktop/IOTPROJECT/node_modules/express/lib/response.js:145:14)\n    at done (/Users/oyku/Desktop/IOTPROJECT/node_modules/express/lib/response.js:1008:10)\n    at tryHandleCache (/Users/oyku/Desktop/IOTPROJECT/node_modules/ejs/lib/ejs.js:278:5)\n    at View.exports.renderFile [as engine] (/Users/oyku/Desktop/IOTPROJECT/node_modules/ejs/lib/ejs.js:489:10)\n    at View.render (/Users/oyku/Desktop/IOTPROJECT/node_modules/express/lib/view.js:135:8)\n    at tryRender (/Users/oyku/Desktop/IOTPROJECT/node_modules/express/lib/application.js:640:10)\n    at Function.render (/Users/oyku/Desktop/IOTPROJECT/node_modules/express/lib/application.js:592:3)","code":"ERR_HTTP_HEADERS_SENT","level":"error","timestamp":"2021-11-02T11:15:58.354Z"}
{"message":"ENOENT: no such file or directory, stat '/Users/oyku/Desktop/IOTPROJECT/userManual/UserManual.pdf'","stack":"Error: ENOENT: no such file or directory, stat '/Users/oyku/Desktop/IOTPROJECT/userManual/UserManual.pdf'","errno":-2,"code":"ENOENT","syscall":"stat","path":"/Users/oyku/Desktop/IOTPROJECT/userManual/UserManual.pdf","expose":false,"statusCode":404,"status":404,"level":"error","timestamp":"2021-11-02T11:16:04.411Z"}
{"message":"ENOENT: no such file or directory, stat '/Users/oyku/Desktop/IOTPROJECT/userManual/UserManual.pdf'","stack":"Error: ENOENT: no such file or directory, stat '/Users/oyku/Desktop/IOTPROJECT/userManual/UserManual.pdf'","errno":-2,"code":"ENOENT","syscall":"stat","path":"/Users/oyku/Desktop/IOTPROJECT/userManual/UserManual.pdf","expose":false,"statusCode":404,"status":404,"level":"error","timestamp":"2021-11-02T11:16:13.874Z"}
{"message":"Cannot set headers after they are sent to the client","stack":"Error [ERR_HTTP_HEADERS_SENT]: Cannot set headers after they are sent to the client\n    at ServerResponse.setHeader (_http_outgoing.js:558:11)\n    at ServerResponse.header (/Users/oyku/Desktop/IOTPROJECT/node_modules/express/lib/response.js:771:10)\n    at ServerResponse.contentType (/Users/oyku/Desktop/IOTPROJECT/node_modules/express/lib/response.js:599:15)\n    at ServerResponse.send (/Users/oyku/Desktop/IOTPROJECT/node_modules/express/lib/response.js:145:14)\n    at done (/Users/oyku/Desktop/IOTPROJECT/node_modules/express/lib/response.js:1008:10)\n    at tryHandleCache (/Users/oyku/Desktop/IOTPROJECT/node_modules/ejs/lib/ejs.js:278:5)\n    at View.exports.renderFile [as engine] (/Users/oyku/Desktop/IOTPROJECT/node_modules/ejs/lib/ejs.js:489:10)\n    at View.render (/Users/oyku/Desktop/IOTPROJECT/node_modules/express/lib/view.js:135:8)\n    at tryRender (/Users/oyku/Desktop/IOTPROJECT/node_modules/express/lib/application.js:640:10)\n    at Function.render (/Users/oyku/Desktop/IOTPROJECT/node_modules/express/lib/application.js:592:3)","code":"ERR_HTTP_HEADERS_SENT","level":"error","timestamp":"2021-11-02T11:17:21.915Z"}
{"message":"Cannot set headers after they are sent to the client","stack":"Error [ERR_HTTP_HEADERS_SENT]: Cannot set headers after they are sent to the client\n    at ServerResponse.setHeader (_http_outgoing.js:558:11)\n    at ServerResponse.header (/Users/oyku/Desktop/IOTPROJECT/node_modules/express/lib/response.js:771:10)\n    at ServerResponse.contentType (/Users/oyku/Desktop/IOTPROJECT/node_modules/express/lib/response.js:599:15)\n    at ServerResponse.send (/Users/oyku/Desktop/IOTPROJECT/node_modules/express/lib/response.js:145:14)\n    at done (/Users/oyku/Desktop/IOTPROJECT/node_modules/express/lib/response.js:1008:10)\n    at tryHandleCache (/Users/oyku/Desktop/IOTPROJECT/node_modules/ejs/lib/ejs.js:278:5)\n    at View.exports.renderFile [as engine] (/Users/oyku/Desktop/IOTPROJECT/node_modules/ejs/lib/ejs.js:489:10)\n    at View.render (/Users/oyku/Desktop/IOTPROJECT/node_modules/express/lib/view.js:135:8)\n    at tryRender (/Users/oyku/Desktop/IOTPROJECT/node_modules/express/lib/application.js:640:10)\n    at Function.render (/Users/oyku/Desktop/IOTPROJECT/node_modules/express/lib/application.js:592:3)","code":"ERR_HTTP_HEADERS_SENT","level":"error","timestamp":"2021-11-02T11:18:56.504Z"}
{"message":"Cannot set headers after they are sent to the client","stack":"Error [ERR_HTTP_HEADERS_SENT]: Cannot set headers after they are sent to the client\n    at ServerResponse.setHeader (_http_outgoing.js:558:11)\n    at ServerResponse.header (/Users/oyku/Desktop/IOTPROJECT/node_modules/express/lib/response.js:771:10)\n    at ServerResponse.contentType (/Users/oyku/Desktop/IOTPROJECT/node_modules/express/lib/response.js:599:15)\n    at ServerResponse.send (/Users/oyku/Desktop/IOTPROJECT/node_modules/express/lib/response.js:145:14)\n    at done (/Users/oyku/Desktop/IOTPROJECT/node_modules/express/lib/response.js:1008:10)\n    at tryHandleCache (/Users/oyku/Desktop/IOTPROJECT/node_modules/ejs/lib/ejs.js:278:5)\n    at View.exports.renderFile [as engine] (/Users/oyku/Desktop/IOTPROJECT/node_modules/ejs/lib/ejs.js:489:10)\n    at View.render (/Users/oyku/Desktop/IOTPROJECT/node_modules/express/lib/view.js:135:8)\n    at tryRender (/Users/oyku/Desktop/IOTPROJECT/node_modules/express/lib/application.js:640:10)\n    at Function.render (/Users/oyku/Desktop/IOTPROJECT/node_modules/express/lib/application.js:592:3)","code":"ERR_HTTP_HEADERS_SENT","level":"error","timestamp":"2021-11-02T11:32:09.992Z"}
